mode: set
subtitle-translator/internal/pipeline/integrator.go:47.74,48.60 1 1
subtitle-translator/internal/pipeline/integrator.go:48.60,50.3 1 1
subtitle-translator/internal/pipeline/integrator.go:51.2,56.33 6 1
subtitle-translator/internal/pipeline/integrator.go:56.33,57.7 1 1
subtitle-translator/internal/pipeline/integrator.go:57.7,58.11 1 1
subtitle-translator/internal/pipeline/integrator.go:59.22,60.11 1 1
subtitle-translator/internal/pipeline/integrator.go:61.27,62.12 1 1
subtitle-translator/internal/pipeline/integrator.go:62.12,64.6 1 1
subtitle-translator/internal/pipeline/integrator.go:65.5,66.19 2 1
subtitle-translator/internal/pipeline/integrator.go:66.19,68.14 2 1
subtitle-translator/internal/pipeline/integrator.go:70.5,70.19 1 1
subtitle-translator/internal/pipeline/integrator.go:70.19,71.14 1 1
subtitle-translator/internal/pipeline/integrator.go:73.5,74.12 2 1
subtitle-translator/internal/pipeline/integrator.go:75.68,75.68 0 1
subtitle-translator/internal/pipeline/integrator.go:76.23,77.12 1 0
subtitle-translator/internal/pipeline/integrator.go:82.2,82.41 1 1
subtitle-translator/internal/pipeline/integrator.go:82.41,83.7 1 1
subtitle-translator/internal/pipeline/integrator.go:83.7,84.11 1 1
subtitle-translator/internal/pipeline/integrator.go:85.22,86.11 1 1
subtitle-translator/internal/pipeline/integrator.go:87.35,88.12 1 1
subtitle-translator/internal/pipeline/integrator.go:88.12,90.6 1 1
subtitle-translator/internal/pipeline/integrator.go:91.5,92.19 2 1
subtitle-translator/internal/pipeline/integrator.go:92.19,94.14 2 1
subtitle-translator/internal/pipeline/integrator.go:96.5,96.19 1 1
subtitle-translator/internal/pipeline/integrator.go:96.19,97.14 1 1
subtitle-translator/internal/pipeline/integrator.go:99.5,101.60 3 1
subtitle-translator/internal/pipeline/integrator.go:105.2,105.6 1 1
subtitle-translator/internal/pipeline/integrator.go:105.6,106.10 1 1
subtitle-translator/internal/pipeline/integrator.go:107.21,112.14 5 1
subtitle-translator/internal/pipeline/integrator.go:113.27,114.11 1 1
subtitle-translator/internal/pipeline/integrator.go:114.11,120.5 5 1
subtitle-translator/internal/pipeline/integrator.go:121.4,122.11 2 1
subtitle-translator/internal/pipeline/integrator.go:123.57,123.57 0 1
subtitle-translator/internal/pipeline/integrator.go:124.12,125.69 1 0
subtitle-translator/internal/pipeline/integrator.go:131.64,133.15 2 1
subtitle-translator/internal/pipeline/integrator.go:133.15,134.31 1 1
subtitle-translator/internal/pipeline/integrator.go:134.31,136.4 1 1
subtitle-translator/internal/pipeline/integrator.go:138.2,138.6 1 1
subtitle-translator/internal/pipeline/integrator.go:140.40,142.21 2 1
subtitle-translator/internal/pipeline/integrator.go:142.21,144.3 1 1
subtitle-translator/internal/pipeline/integrator.go:146.36,148.2 1 1
subtitle-translator/internal/ws/server.go:33.31,37.2 3 1
subtitle-translator/internal/ws/server.go:39.41,43.2 3 1
subtitle-translator/internal/ws/server.go:47.45,47.60 1 1
subtitle-translator/internal/ws/server.go:50.65,52.16 2 1
subtitle-translator/internal/ws/server.go:52.16,54.3 1 0
subtitle-translator/internal/ws/server.go:55.2,61.6 7 1
subtitle-translator/internal/ws/server.go:61.6,62.50 1 1
subtitle-translator/internal/ws/server.go:62.50,64.4 1 1
subtitle-translator/internal/ws/server.go:68.36,70.39 2 1
subtitle-translator/internal/ws/server.go:70.39,73.3 2 1
subtitle-translator/internal/ws/server.go:74.2,74.15 1 1
subtitle-translator/internal/ws/server.go:77.32,79.42 2 1
subtitle-translator/internal/ws/server.go:79.42,81.3 1 1
subtitle-translator/internal/ws/server.go:82.2,82.12 1 0
subtitle-translator/internal/ws/server.go:86.58,88.12 2 1
subtitle-translator/internal/ws/server.go:88.12,89.10 1 1
subtitle-translator/internal/ws/server.go:90.21,93.31 3 1
subtitle-translator/internal/ws/server.go:94.15,94.15 0 0
subtitle-translator/internal/ws/server.go:97.2,99.12 3 1
subtitle-translator/internal/ws/server.go:102.54,106.27 4 1
subtitle-translator/internal/ws/server.go:106.27,109.3 2 0
subtitle-translator/internal/ws/server.go:110.2,111.28 2 1
subtitle-translator/internal/ws/server.go:111.28,116.3 4 0
subtitle-translator/internal/ws/server.go:117.2,117.12 1 1
subtitle-translator/internal/ws/server.go:120.41,122.2 1 1
subtitle-translator/internal/ws/server.go:124.54,125.17 1 1
subtitle-translator/internal/ws/server.go:125.17,127.3 1 1
subtitle-translator/internal/ws/server.go:128.2,129.16 2 1
subtitle-translator/internal/ws/server.go:129.16,131.3 1 0
subtitle-translator/internal/ws/server.go:132.2,134.27 3 1
subtitle-translator/internal/ws/server.go:134.27,136.3 1 1
subtitle-translator/internal/ws/server.go:137.2,138.28 2 1
subtitle-translator/internal/ws/server.go:138.28,143.17 5 1
subtitle-translator/internal/ws/server.go:143.17,145.4 1 0
subtitle-translator/internal/ws/server.go:147.2,147.12 1 1
subtitle-translator/internal/ws/server.go:150.36,154.2 3 1
subtitle-translator/internal/translate/deepseek.go:35.30,35.87 1 1
subtitle-translator/internal/translate/deepseek.go:37.40,38.24 1 1
subtitle-translator/internal/translate/deepseek.go:38.24,40.3 1 1
subtitle-translator/internal/translate/deepseek.go:41.2,41.21 1 1
subtitle-translator/internal/translate/deepseek.go:41.21,43.3 1 1
subtitle-translator/internal/translate/deepseek.go:44.2,44.22 1 1
subtitle-translator/internal/translate/deepseek.go:44.22,46.3 1 1
subtitle-translator/internal/translate/deepseek.go:47.2,47.21 1 1
subtitle-translator/internal/translate/deepseek.go:47.21,49.3 1 1
subtitle-translator/internal/translate/deepseek.go:50.2,50.161 1 1
subtitle-translator/internal/translate/deepseek.go:53.34,54.43 1 1
subtitle-translator/internal/translate/deepseek.go:54.43,56.3 1 0
subtitle-translator/internal/translate/deepseek.go:57.2,57.41 1 1
subtitle-translator/internal/translate/deepseek.go:57.41,58.49 1 1
subtitle-translator/internal/translate/deepseek.go:58.49,60.4 1 1
subtitle-translator/internal/translate/deepseek.go:62.2,62.14 1 1
subtitle-translator/internal/translate/deepseek.go:65.80,67.27 2 1
subtitle-translator/internal/translate/deepseek.go:67.27,69.3 1 1
subtitle-translator/internal/translate/deepseek.go:70.2,70.36 1 1
subtitle-translator/internal/translate/deepseek.go:70.36,72.3 1 0
subtitle-translator/internal/translate/deepseek.go:73.2,82.16 3 1
subtitle-translator/internal/translate/deepseek.go:82.16,84.3 1 0
subtitle-translator/internal/translate/deepseek.go:86.2,87.52 2 1
subtitle-translator/internal/translate/deepseek.go:87.52,88.18 1 1
subtitle-translator/internal/translate/deepseek.go:88.18,90.11 2 1
subtitle-translator/internal/translate/deepseek.go:91.29,91.29 0 1
subtitle-translator/internal/translate/deepseek.go:92.22,93.25 1 0
subtitle-translator/internal/translate/deepseek.go:96.3,97.17 2 1
subtitle-translator/internal/translate/deepseek.go:97.17,99.4 1 0
subtitle-translator/internal/translate/deepseek.go:100.3,103.17 4 1
subtitle-translator/internal/translate/deepseek.go:103.17,105.12 2 0
subtitle-translator/internal/translate/deepseek.go:107.3,109.21 3 1
subtitle-translator/internal/translate/deepseek.go:109.21,111.12 2 0
subtitle-translator/internal/translate/deepseek.go:113.3,113.39 1 1
subtitle-translator/internal/translate/deepseek.go:113.39,116.78 2 1
subtitle-translator/internal/translate/deepseek.go:116.78,117.10 1 0
subtitle-translator/internal/translate/deepseek.go:119.4,119.12 1 1
subtitle-translator/internal/translate/deepseek.go:121.3,128.52 2 1
subtitle-translator/internal/translate/deepseek.go:128.52,130.12 2 0
subtitle-translator/internal/translate/deepseek.go:132.3,132.28 1 1
subtitle-translator/internal/translate/deepseek.go:132.28,134.12 2 0
subtitle-translator/internal/translate/deepseek.go:136.3,136.64 1 1
subtitle-translator/internal/translate/deepseek.go:138.2,138.17 1 1
subtitle-translator/internal/translate/deepseek.go:138.17,140.3 1 0
subtitle-translator/internal/translate/deepseek.go:141.2,141.17 1 1
subtitle-translator/internal/audio/collector.go:36.29,38.48 2 1
subtitle-translator/internal/audio/collector.go:38.48,40.3 1 1
subtitle-translator/internal/audio/collector.go:41.2,48.3 1 1
subtitle-translator/internal/audio/collector.go:91.69,93.2 1 0
subtitle-translator/internal/audio/collector.go:95.91,104.39 3 1
subtitle-translator/internal/audio/collector.go:104.39,106.3 1 1
subtitle-translator/internal/audio/collector.go:107.2,107.10 1 1
subtitle-translator/internal/audio/collector.go:110.42,112.29 2 1
subtitle-translator/internal/audio/collector.go:112.29,114.3 1 1
subtitle-translator/internal/audio/collector.go:115.2,115.30 1 1
subtitle-translator/internal/audio/collector.go:115.30,117.3 1 1
subtitle-translator/internal/audio/collector.go:118.2,118.32 1 1
subtitle-translator/internal/audio/collector.go:118.32,120.3 1 1
subtitle-translator/internal/audio/collector.go:121.2,121.49 1 1
subtitle-translator/internal/audio/collector.go:121.49,123.3 1 1
subtitle-translator/internal/audio/collector.go:124.2,124.28 1 1
subtitle-translator/internal/audio/collector.go:124.28,126.3 1 0
subtitle-translator/internal/audio/collector.go:127.2,127.49 1 1
subtitle-translator/internal/audio/collector.go:127.49,129.3 1 1
subtitle-translator/internal/audio/collector.go:130.2,130.24 1 1
subtitle-translator/internal/audio/collector.go:130.24,132.3 1 1
subtitle-translator/internal/audio/collector.go:133.2,133.20 1 1
subtitle-translator/internal/audio/collector.go:133.20,135.3 1 1
subtitle-translator/internal/audio/collector.go:136.2,136.12 1 1
subtitle-translator/internal/audio/collector.go:139.46,139.62 1 0
subtitle-translator/internal/audio/collector.go:143.54,144.16 1 1
subtitle-translator/internal/audio/collector.go:144.16,146.3 1 1
subtitle-translator/internal/audio/collector.go:147.2,147.18 1 1
subtitle-translator/internal/audio/collector.go:147.18,149.3 1 1
subtitle-translator/internal/audio/collector.go:150.2,152.15 3 0
subtitle-translator/internal/audio/collector.go:152.15,154.3 1 0
subtitle-translator/internal/audio/collector.go:155.2,155.15 1 0
subtitle-translator/internal/audio/collector.go:155.15,157.3 1 0
subtitle-translator/internal/audio/collector.go:159.2,168.16 9 0
subtitle-translator/internal/audio/collector.go:168.16,170.3 1 0
subtitle-translator/internal/audio/collector.go:171.2,175.36 5 0
subtitle-translator/internal/audio/collector.go:175.36,177.24 2 0
subtitle-translator/internal/audio/collector.go:177.24,177.41 1 0
subtitle-translator/internal/audio/collector.go:178.3,181.60 4 0
subtitle-translator/internal/audio/collector.go:183.2,183.12 1 0
subtitle-translator/internal/audio/collector.go:183.12,183.38 2 0
subtitle-translator/internal/audio/collector.go:184.2,184.12 1 0
subtitle-translator/internal/audio/collector.go:189.73,192.54 3 1
subtitle-translator/internal/audio/collector.go:192.54,195.3 2 1
subtitle-translator/internal/audio/collector.go:196.2,196.9 1 1
subtitle-translator/internal/audio/collector.go:197.25,200.10 3 1
subtitle-translator/internal/audio/collector.go:201.23,202.59 1 1
subtitle-translator/internal/audio/collector.go:203.11,205.19 2 0
subtitle-translator/internal/audio/collector.go:207.10,208.33 1 1
subtitle-translator/internal/audio/collector.go:212.31,216.6 4 0
subtitle-translator/internal/audio/collector.go:216.6,217.10 1 0
subtitle-translator/internal/audio/collector.go:218.25,221.37 3 0
subtitle-translator/internal/audio/collector.go:221.37,223.5 1 0
subtitle-translator/internal/audio/collector.go:224.17,225.8 1 0
subtitle-translator/internal/audio/collector.go:225.8,226.12 1 0
subtitle-translator/internal/audio/collector.go:227.27,230.39 3 0
subtitle-translator/internal/audio/collector.go:230.39,232.7 1 0
subtitle-translator/internal/audio/collector.go:233.13,234.54 1 0
subtitle-translator/internal/audio/collector.go:234.54,236.7 1 0
subtitle-translator/internal/audio/collector.go:237.6,237.12 1 0
subtitle-translator/internal/audio/collector.go:244.42,245.9 1 0
subtitle-translator/internal/audio/collector.go:246.24,247.33 1 0
subtitle-translator/internal/audio/collector.go:248.10,249.33 1 0
subtitle-translator/internal/audio/collector.go:254.28,256.16 2 1
subtitle-translator/internal/audio/collector.go:256.16,259.3 2 1
subtitle-translator/internal/audio/collector.go:260.2,264.16 5 0
subtitle-translator/internal/audio/collector.go:264.16,267.3 2 0
subtitle-translator/internal/audio/collector.go:268.2,268.23 1 0
subtitle-translator/internal/audio/collector.go:268.23,268.40 1 0
subtitle-translator/internal/audio/collector.go:269.2,269.10 1 0
subtitle-translator/internal/audio/collector.go:272.35,280.2 1 1
subtitle-translator/internal/audio/vad.go:20.49,22.16 2 1
subtitle-translator/internal/audio/vad.go:22.16,24.3 1 0
subtitle-translator/internal/audio/vad.go:25.2,25.39 1 1
subtitle-translator/internal/audio/vad.go:25.39,27.3 1 0
subtitle-translator/internal/audio/vad.go:28.2,28.62 1 1
subtitle-translator/internal/audio/vad.go:31.47,33.32 2 0
subtitle-translator/internal/audio/vad.go:33.32,35.3 1 0
subtitle-translator/internal/audio/vad.go:36.2,36.29 1 0
subtitle-translator/internal/audio/vad.go:36.29,38.27 2 0
subtitle-translator/internal/audio/vad.go:38.27,40.4 1 0
subtitle-translator/internal/audio/vad.go:41.3,41.17 1 0
subtitle-translator/internal/audio/vad.go:41.17,43.4 1 0
subtitle-translator/internal/audio/vad.go:44.3,44.25 1 0
subtitle-translator/internal/audio/vad.go:46.2,46.40 1 0
subtitle-translator/internal/audio/vad.go:46.40,49.3 2 0
subtitle-translator/internal/audio/vad.go:50.2,50.14 1 0
subtitle-translator/internal/audio/vad.go:62.36,62.76 1 1
subtitle-translator/internal/audio/vad.go:64.49,66.18 2 1
subtitle-translator/internal/audio/vad.go:66.18,68.3 1 1
subtitle-translator/internal/audio/vad.go:69.2,72.31 4 1
subtitle-translator/internal/audio/vad.go:72.31,75.16 3 1
subtitle-translator/internal/audio/vad.go:75.16,77.4 1 1
subtitle-translator/internal/audio/vad.go:78.3,79.46 2 1
subtitle-translator/internal/audio/vad.go:79.46,81.4 1 1
subtitle-translator/internal/audio/vad.go:82.3,82.20 1 1
subtitle-translator/internal/audio/vad.go:84.2,85.20 2 1
subtitle-translator/internal/audio/vad.go:85.20,87.25 2 1
subtitle-translator/internal/audio/vad.go:87.25,89.4 1 1
subtitle-translator/internal/audio/vad.go:90.3,90.23 1 1
subtitle-translator/internal/audio/vad.go:92.2,93.21 2 1
subtitle-translator/internal/audio/vad.go:93.21,95.3 1 1
subtitle-translator/internal/audio/vad.go:98.2,99.13 2 1
subtitle-translator/internal/audio/vad.go:99.13,102.25 2 1
subtitle-translator/internal/audio/vad.go:102.25,104.4 1 1
subtitle-translator/internal/audio/vad.go:106.2,106.15 1 1
subtitle-translator/internal/audio/vad.go:118.42,118.91 1 1
subtitle-translator/internal/audio/vad.go:120.49,121.20 1 1
subtitle-translator/internal/audio/vad.go:121.20,123.3 1 1
subtitle-translator/internal/audio/vad.go:124.2,124.23 1 1
subtitle-translator/internal/audio/vad.go:124.23,126.3 1 0
subtitle-translator/internal/audio/vad.go:127.2,129.48 3 1
subtitle-translator/internal/audio/vad.go:132.84,133.15 1 1
subtitle-translator/internal/audio/vad.go:133.15,134.13 1 1
subtitle-translator/internal/audio/vad.go:134.13,137.4 2 1
subtitle-translator/internal/audio/vad.go:138.3,140.20 3 1
subtitle-translator/internal/audio/vad.go:145.2,147.33 3 1
subtitle-translator/internal/audio/vad.go:147.33,148.25 1 1
subtitle-translator/internal/audio/vad.go:148.25,150.4 1 1
subtitle-translator/internal/audio/vad.go:151.3,153.81 3 1
subtitle-translator/internal/audio/vad.go:155.2,157.32 2 1
subtitle-translator/internal/audio/vad.go:157.32,159.3 1 0
subtitle-translator/internal/audio/vad.go:160.2,160.46 1 1
subtitle-translator/internal/audio/vad.go:160.46,162.3 1 1
subtitle-translator/internal/audio/vad.go:163.2,163.12 1 1
subtitle-translator/internal/audio/vad.go:166.73,168.11 2 1
subtitle-translator/internal/audio/vad.go:168.11,171.3 2 1
subtitle-translator/internal/audio/vad.go:171.8,173.3 1 1
subtitle-translator/internal/audio/vad.go:176.49,178.19 2 1
subtitle-translator/internal/audio/vad.go:178.19,180.3 1 0
subtitle-translator/internal/audio/vad.go:181.2,182.49 2 1
subtitle-translator/internal/audio/vad.go:182.49,185.3 2 0
subtitle-translator/internal/audio/vad.go:188.53,191.40 3 1
subtitle-translator/internal/audio/vad.go:191.40,194.52 2 1
subtitle-translator/internal/audio/vad.go:194.52,196.4 1 1
subtitle-translator/internal/audio/vad.go:198.2,202.11 5 1
subtitle-translator/internal/audio/vad.go:202.11,204.3 1 1
subtitle-translator/internal/audio/vad.go:205.2,205.12 1 1
subtitle-translator/internal/audio/vad.go:208.36,210.24 2 1
subtitle-translator/internal/audio/vad.go:210.24,212.3 1 1
subtitle-translator/internal/audio/vad.go:213.2,213.12 1 0
subtitle-translator/internal/device/device.go:33.56,34.16 1 1
subtitle-translator/internal/device/device.go:34.16,36.3 1 1
subtitle-translator/internal/device/device.go:37.2,38.16 2 0
subtitle-translator/internal/device/device.go:38.16,40.3 1 0
subtitle-translator/internal/device/device.go:41.2,42.26 2 0
subtitle-translator/internal/device/device.go:42.26,46.96 2 0
subtitle-translator/internal/device/device.go:46.96,47.43 1 0
subtitle-translator/internal/device/device.go:47.43,48.43 1 0
subtitle-translator/internal/device/device.go:48.43,50.6 1 0
subtitle-translator/internal/device/device.go:53.3,59.5 1 0
subtitle-translator/internal/device/device.go:61.2,61.19 1 0
subtitle-translator/internal/device/device.go:61.19,63.3 1 0
subtitle-translator/internal/device/device.go:64.2,64.17 1 0
subtitle-translator/internal/device/device.go:69.41,71.2 1 0
subtitle-translator/internal/device/device.go:74.74,75.21 1 1
subtitle-translator/internal/device/device.go:75.21,77.3 1 1
subtitle-translator/internal/device/device.go:78.2,78.29 1 1
subtitle-translator/internal/device/device.go:78.29,80.3 1 1
subtitle-translator/internal/device/device.go:82.2,84.26 3 1
subtitle-translator/internal/device/device.go:84.26,86.16 2 1
subtitle-translator/internal/device/device.go:86.16,89.4 2 1
subtitle-translator/internal/device/device.go:90.3,91.19 2 1
subtitle-translator/internal/device/device.go:91.19,93.4 1 1
subtitle-translator/internal/device/device.go:94.3,94.90 1 1
subtitle-translator/internal/device/device.go:96.2,96.23 1 1
subtitle-translator/internal/device/device.go:96.23,98.3 1 1
subtitle-translator/internal/device/device.go:98.8,100.3 1 1
subtitle-translator/internal/device/device.go:102.2,103.21 2 1
subtitle-translator/internal/device/device.go:103.21,104.39 1 1
subtitle-translator/internal/device/device.go:104.39,106.4 1 1
subtitle-translator/internal/device/device.go:107.3,107.30 1 1
subtitle-translator/internal/device/device.go:109.2,110.38 2 1
subtitle-translator/internal/device/device.go:110.38,112.3 1 1
subtitle-translator/internal/device/device.go:113.2,113.32 1 1
subtitle-translator/internal/device/device.go:114.27,115.30 1 1
subtitle-translator/internal/device/device.go:117.2,118.16 2 1
subtitle-translator/internal/device/device.go:118.16,120.3 1 1
subtitle-translator/internal/device/device.go:121.2,121.34 1 1
subtitle-translator/internal/device/device.go:124.57,125.29 1 1
subtitle-translator/internal/device/device.go:125.29,126.26 1 1
subtitle-translator/internal/device/device.go:126.26,128.4 1 1
subtitle-translator/internal/device/device.go:130.2,130.69 1 1
subtitle-translator/internal/config/config.go:43.24,50.2 1 1
subtitle-translator/internal/config/config.go:52.40,55.36 3 1
subtitle-translator/internal/config/config.go:55.36,57.3 1 1
subtitle-translator/internal/config/config.go:58.2,58.16 1 1
subtitle-translator/internal/config/config.go:58.16,60.3 1 1
subtitle-translator/internal/config/config.go:61.2,61.46 1 1
subtitle-translator/internal/config/config.go:61.46,63.3 1 1
subtitle-translator/internal/config/config.go:64.2,64.22 1 1
subtitle-translator/internal/config/config.go:64.22,66.3 1 1
subtitle-translator/internal/config/config.go:67.2,67.24 1 1
subtitle-translator/internal/config/config.go:67.24,69.3 1 1
subtitle-translator/internal/config/config.go:70.2,70.20 1 1
subtitle-translator/internal/config/config.go:70.20,72.3 1 1
subtitle-translator/internal/config/config.go:73.2,73.22 1 1
subtitle-translator/internal/config/config.go:73.22,75.3 1 1
subtitle-translator/internal/config/config.go:76.2,76.26 1 1
subtitle-translator/internal/config/config.go:76.26,78.3 1 1
subtitle-translator/internal/config/config.go:79.2,79.30 1 1
subtitle-translator/internal/config/config.go:79.30,81.3 1 1
subtitle-translator/internal/config/config.go:82.2,82.29 1 1
subtitle-translator/internal/config/config.go:82.29,84.3 1 1
subtitle-translator/internal/config/config.go:85.2,86.33 2 1
subtitle-translator/internal/config/config.go:86.33,88.3 1 1
subtitle-translator/internal/config/config.go:89.2,89.35 1 1
subtitle-translator/internal/config/config.go:89.35,91.3 1 1
subtitle-translator/internal/config/config.go:92.2,92.15 1 1
subtitle-translator/internal/config/config.go:95.49,96.113 1 1
subtitle-translator/internal/config/config.go:96.113,98.3 1 1
subtitle-translator/internal/config/config.go:99.2,99.26 1 1
subtitle-translator/internal/config/config.go:99.26,101.3 1 1
subtitle-translator/internal/config/config.go:102.2,102.12 1 1
subtitle-translator/internal/config/config.go:105.52,107.2 1 1
subtitle-translator/internal/asr/service.go:45.51,47.2 1 1
subtitle-translator/internal/asr/service.go:49.78,51.16 2 1
subtitle-translator/internal/asr/service.go:51.16,53.3 1 0
subtitle-translator/internal/asr/service.go:54.2,54.20 1 1
subtitle-translator/internal/asr/service.go:54.20,56.3 1 0
subtitle-translator/internal/asr/service.go:57.2,58.46 2 1
subtitle-translator/internal/asr/service.go:58.46,60.3 1 0
subtitle-translator/internal/asr/service.go:61.2,61.39 1 1
subtitle-translator/internal/asr/service.go:61.39,63.3 1 0
subtitle-translator/internal/asr/service.go:64.2,64.15 1 1
subtitle-translator/internal/asr/service.go:67.52,69.28 2 1
subtitle-translator/internal/asr/service.go:69.28,70.14 1 1
subtitle-translator/internal/asr/service.go:70.14,71.12 1 0
subtitle-translator/internal/asr/service.go:73.3,74.17 2 1
subtitle-translator/internal/asr/service.go:74.17,75.52 1 1
subtitle-translator/internal/asr/service.go:75.52,77.5 1 1
subtitle-translator/internal/asr/service.go:80.2,80.82 1 0
subtitle-translator/internal/asr/service.go:80.82,81.48 1 0
subtitle-translator/internal/asr/service.go:81.48,83.4 1 0
subtitle-translator/internal/asr/service.go:85.2,85.130 1 0
subtitle-translator/internal/asr/service.go:88.33,91.14 3 1
subtitle-translator/internal/asr/service.go:91.14,93.3 1 0
subtitle-translator/internal/asr/service.go:94.2,95.19 2 1
subtitle-translator/internal/asr/service.go:95.19,99.3 3 1
subtitle-translator/internal/asr/service.go:100.2,100.42 1 1
subtitle-translator/internal/asr/service.go:100.42,104.3 3 1
subtitle-translator/internal/asr/service.go:105.2,105.12 1 1
subtitle-translator/internal/asr/service.go:108.58,109.37 1 1
subtitle-translator/internal/asr/service.go:109.37,111.3 1 0
subtitle-translator/internal/asr/service.go:113.2,113.29 1 1
subtitle-translator/internal/asr/service.go:113.29,115.3 1 0
subtitle-translator/internal/asr/service.go:116.2,118.14 3 1
subtitle-translator/internal/asr/service.go:118.14,120.3 1 0
subtitle-translator/internal/asr/service.go:121.2,121.19 1 1
subtitle-translator/internal/asr/service.go:121.19,123.3 1 0
subtitle-translator/internal/asr/service.go:124.2,125.35 2 1
subtitle-translator/internal/asr/service.go:125.35,128.3 2 1
subtitle-translator/internal/asr/service.go:129.2,134.78 6 1
subtitle-translator/internal/asr/service.go:134.78,136.3 1 0
subtitle-translator/internal/asr/service.go:137.2,139.16 3 1
subtitle-translator/internal/asr/service.go:139.16,141.3 1 0
subtitle-translator/internal/asr/service.go:142.2,143.23 2 1
subtitle-translator/internal/asr/service.go:143.23,145.3 1 0
subtitle-translator/internal/asr/service.go:146.2,146.34 1 1
subtitle-translator/internal/asr/service.go:146.34,150.42 2 1
subtitle-translator/internal/asr/service.go:150.42,152.4 1 1
subtitle-translator/internal/asr/service.go:154.2,154.33 1 1
subtitle-translator/internal/asr/service.go:182.39,184.61 2 1
subtitle-translator/internal/asr/service.go:184.61,186.3 1 0
subtitle-translator/internal/asr/service.go:187.2,188.16 2 1
subtitle-translator/internal/asr/service.go:188.16,190.3 1 0
subtitle-translator/internal/asr/service.go:191.2,194.16 4 1
subtitle-translator/internal/asr/service.go:194.16,196.3 1 0
subtitle-translator/internal/asr/service.go:197.2,202.35 6 1
subtitle-translator/internal/asr/service.go:202.35,204.3 1 0
subtitle-translator/internal/asr/service.go:205.2,208.34 4 1
subtitle-translator/internal/asr/service.go:208.34,210.21 2 1
subtitle-translator/internal/asr/service.go:210.21,213.4 2 1
subtitle-translator/internal/asr/service.go:214.3,214.36 1 1
subtitle-translator/internal/asr/service.go:216.2,219.57 4 0
subtitle-translator/internal/asr/service.go:222.54,223.51 1 1
subtitle-translator/internal/asr/service.go:223.51,224.27 1 1
subtitle-translator/internal/asr/service.go:224.27,226.69 2 1
subtitle-translator/internal/asr/service.go:226.69,228.5 1 1
subtitle-translator/internal/asr/service.go:230.3,230.106 1 1
subtitle-translator/internal/asr/service.go:232.2,233.18 2 1
subtitle-translator/internal/asr/service.go:233.18,235.3 1 1
subtitle-translator/internal/asr/service.go:236.2,237.16 2 1
subtitle-translator/internal/asr/service.go:238.20,240.15 2 1
subtitle-translator/internal/asr/service.go:240.15,242.4 1 1
subtitle-translator/internal/asr/service.go:243.3,244.15 2 1
subtitle-translator/internal/asr/service.go:244.15,246.4 1 0
subtitle-translator/internal/asr/service.go:247.3,247.98 1 1
subtitle-translator/internal/asr/service.go:248.35,250.15 2 1
subtitle-translator/internal/asr/service.go:250.15,252.4 1 0
subtitle-translator/internal/asr/service.go:253.3,254.15 2 1
subtitle-translator/internal/asr/service.go:254.15,256.4 1 0
subtitle-translator/internal/asr/service.go:257.3,257.161 1 1
subtitle-translator/internal/asr/service.go:258.17,260.15 2 1
subtitle-translator/internal/asr/service.go:260.15,262.4 1 0
subtitle-translator/internal/asr/service.go:263.3,266.15 4 1
subtitle-translator/internal/asr/service.go:266.15,268.4 1 0
subtitle-translator/internal/asr/service.go:269.3,270.15 2 1
subtitle-translator/internal/asr/service.go:270.15,272.4 1 0
subtitle-translator/internal/asr/service.go:273.3,273.187 1 1
subtitle-translator/internal/asr/service.go:274.10,275.61 1 0
subtitle-translator/internal/asr/service.go:279.62,280.35 1 1
subtitle-translator/internal/asr/service.go:280.35,282.24 2 1
subtitle-translator/internal/asr/service.go:282.24,284.4 1 1
subtitle-translator/internal/asr/service.go:285.3,285.23 1 0
subtitle-translator/internal/asr/service.go:285.23,287.4 1 0
subtitle-translator/internal/asr/service.go:289.2,289.81 1 0
subtitle-translator/internal/asr/service.go:294.42,298.21 4 1
subtitle-translator/internal/asr/service.go:298.21,300.35 2 1
subtitle-translator/internal/asr/service.go:300.35,304.92 2 1
subtitle-translator/internal/asr/service.go:304.92,306.5 1 1
subtitle-translator/internal/asr/service.go:308.3,308.49 1 1
subtitle-translator/internal/asr/service.go:308.49,309.12 1 1
subtitle-translator/internal/asr/service.go:311.3,311.45 1 1
subtitle-translator/internal/asr/service.go:311.45,313.4 1 1
subtitle-translator/internal/asr/service.go:314.3,314.17 1 1
subtitle-translator/internal/asr/service.go:314.17,316.4 1 1
subtitle-translator/internal/asr/service.go:318.2,318.26 1 1
subtitle-translator/internal/asr/service.go:318.26,320.3 1 0
subtitle-translator/internal/asr/service.go:321.2,321.53 1 1
subtitle-translator/internal/asr/service.go:324.37,328.26 4 1
subtitle-translator/internal/asr/service.go:328.26,329.25 1 1
subtitle-translator/internal/asr/service.go:329.25,330.75 1 1
subtitle-translator/internal/asr/service.go:330.75,331.13 1 1
subtitle-translator/internal/asr/service.go:333.4,333.58 1 0
subtitle-translator/internal/asr/service.go:333.58,335.5 1 0
subtitle-translator/internal/asr/service.go:336.4,336.12 1 0
subtitle-translator/internal/asr/service.go:338.3,338.17 1 1
subtitle-translator/internal/asr/service.go:340.2,340.38 1 1
subtitle-translator/internal/asr/service.go:343.25,345.2 1 1
subtitle-translator/internal/asr/service.go:347.46,364.2 16 1
subtitle-translator/internal/model/download.go:26.89,27.97 1 0
subtitle-translator/internal/model/download.go:27.97,28.20 1 0
subtitle-translator/internal/model/download.go:28.20,30.4 1 0
subtitle-translator/internal/model/download.go:34.94,35.23 1 0
subtitle-translator/internal/model/download.go:35.23,37.3 1 0
subtitle-translator/internal/model/download.go:38.2,38.21 1 0
subtitle-translator/internal/model/download.go:38.21,40.3 1 0
subtitle-translator/internal/model/download.go:41.2,41.47 1 0
subtitle-translator/internal/model/download.go:41.47,43.3 1 0
subtitle-translator/internal/model/download.go:44.2,45.16 2 0
subtitle-translator/internal/model/download.go:45.16,47.3 1 0
subtitle-translator/internal/model/download.go:48.2,49.32 2 0
subtitle-translator/internal/model/download.go:49.32,51.63 2 0
subtitle-translator/internal/model/download.go:51.63,52.9 1 0
subtitle-translator/internal/model/download.go:54.3,55.10 2 0
subtitle-translator/internal/model/download.go:56.21,58.20 2 0
subtitle-translator/internal/model/download.go:59.14,59.14 0 0
subtitle-translator/internal/model/download.go:62.2,62.16 1 0
subtitle-translator/internal/model/download.go:62.16,64.3 1 0
subtitle-translator/internal/model/download.go:65.2,65.49 1 0
subtitle-translator/internal/model/download.go:65.49,67.3 1 0
subtitle-translator/internal/model/download.go:68.2,68.69 1 0
subtitle-translator/internal/model/download.go:68.69,70.3 1 0
subtitle-translator/internal/model/download.go:71.2,71.49 1 0
subtitle-translator/internal/model/download.go:71.49,74.3 2 0
subtitle-translator/internal/model/download.go:75.2,75.61 1 0
subtitle-translator/internal/model/download.go:78.122,80.65 2 1
subtitle-translator/internal/model/download.go:80.65,82.3 1 1
subtitle-translator/internal/model/download.go:83.2,84.16 2 1
subtitle-translator/internal/model/download.go:84.16,86.3 1 0
subtitle-translator/internal/model/download.go:87.2,87.15 1 1
subtitle-translator/internal/model/download.go:87.15,89.3 1 1
subtitle-translator/internal/model/download.go:90.2,91.16 2 1
subtitle-translator/internal/model/download.go:91.16,93.3 1 0
subtitle-translator/internal/model/download.go:94.2,95.80 2 1
subtitle-translator/internal/model/download.go:95.80,97.3 1 0
subtitle-translator/internal/model/download.go:98.2,98.35 1 1
subtitle-translator/internal/model/download.go:98.35,100.3 1 1
subtitle-translator/internal/model/download.go:101.2,102.16 2 1
subtitle-translator/internal/model/download.go:102.16,104.3 1 0
subtitle-translator/internal/model/download.go:105.2,106.16 2 1
subtitle-translator/internal/model/download.go:106.16,107.38 1 1
subtitle-translator/internal/model/download.go:107.38,109.4 1 0
subtitle-translator/internal/model/download.go:111.2,111.54 1 1
subtitle-translator/internal/model/download.go:111.54,113.3 1 0
subtitle-translator/internal/model/download.go:114.2,115.16 2 1
subtitle-translator/internal/model/download.go:115.16,117.3 1 0
subtitle-translator/internal/model/download.go:118.2,120.6 3 1
subtitle-translator/internal/model/download.go:120.6,122.12 2 1
subtitle-translator/internal/model/download.go:122.12,123.45 1 1
subtitle-translator/internal/model/download.go:123.45,125.5 1 0
subtitle-translator/internal/model/download.go:126.4,127.86 2 1
subtitle-translator/internal/model/download.go:127.86,130.5 2 1
subtitle-translator/internal/model/download.go:132.3,132.24 1 1
subtitle-translator/internal/model/download.go:132.24,133.9 1 1
subtitle-translator/internal/model/download.go:135.3,135.21 1 0
subtitle-translator/internal/model/download.go:135.21,137.4 1 0
subtitle-translator/internal/model/download.go:139.2,139.32 1 1
subtitle-translator/internal/model/download.go:139.32,141.3 1 1
subtitle-translator/internal/model/download.go:142.2,142.21 1 1
subtitle-translator/internal/model/download.go:142.21,144.3 1 1
subtitle-translator/internal/model/download.go:145.2,145.17 1 1
subtitle-translator/internal/model/download.go:148.50,150.16 2 0
subtitle-translator/internal/model/download.go:150.16,152.3 1 0
subtitle-translator/internal/model/download.go:153.2,154.62 2 0
subtitle-translator/internal/model/download.go:157.54,160.44 3 1
subtitle-translator/internal/model/download.go:160.44,162.3 1 0
subtitle-translator/internal/model/download.go:163.2,163.49 1 1
subtitle-translator/internal/model/download.go:163.49,165.3 1 0
subtitle-translator/internal/model/download.go:166.2,167.15 2 1
subtitle-translator/internal/model/download.go:167.15,168.10 1 1
subtitle-translator/internal/model/download.go:168.10,170.4 1 1
subtitle-translator/internal/model/download.go:172.2,173.6 2 1
subtitle-translator/internal/model/download.go:173.6,175.20 2 1
subtitle-translator/internal/model/download.go:175.20,176.9 1 1
subtitle-translator/internal/model/download.go:178.3,178.17 1 1
subtitle-translator/internal/model/download.go:178.17,180.4 1 0
subtitle-translator/internal/model/download.go:181.3,182.30 2 1
subtitle-translator/internal/model/download.go:182.30,184.4 1 0
subtitle-translator/internal/model/download.go:185.3,185.73 1 1
subtitle-translator/internal/model/download.go:185.73,186.20 1 1
subtitle-translator/internal/model/download.go:186.20,188.5 1 1
subtitle-translator/internal/model/download.go:190.3,192.21 3 1
subtitle-translator/internal/model/download.go:192.21,194.4 1 1
subtitle-translator/internal/model/download.go:194.9,195.12 1 1
subtitle-translator/internal/model/download.go:197.3,197.100 1 1
subtitle-translator/internal/model/download.go:197.100,199.4 1 0
subtitle-translator/internal/model/download.go:200.3,202.75 3 1
subtitle-translator/internal/model/download.go:202.75,204.4 1 0
subtitle-translator/internal/model/download.go:205.3,205.21 1 1
subtitle-translator/internal/model/download.go:206.20,207.32 1 0
subtitle-translator/internal/model/download.go:208.34,209.62 1 1
subtitle-translator/internal/model/download.go:209.62,212.19 3 1
subtitle-translator/internal/model/download.go:212.19,215.20 3 1
subtitle-translator/internal/model/download.go:215.20,217.7 1 1
subtitle-translator/internal/model/download.go:218.6,218.13 1 1
subtitle-translator/internal/model/download.go:221.11,222.12 1 0
subtitle-translator/internal/model/download.go:224.3,224.17 1 1
subtitle-translator/internal/model/download.go:224.17,226.4 1 0
subtitle-translator/internal/model/download.go:228.2,228.16 1 1
subtitle-translator/internal/model/download.go:228.16,230.3 1 1
subtitle-translator/internal/model/download.go:231.2,231.42 1 1
subtitle-translator/internal/model/download.go:231.42,233.3 1 1
subtitle-translator/internal/model/download.go:233.8,233.32 1 1
subtitle-translator/internal/model/download.go:233.32,235.3 1 0
subtitle-translator/internal/model/download.go:236.2,236.48 1 1
subtitle-translator/internal/model/download.go:236.48,238.3 1 0
subtitle-translator/internal/model/download.go:239.2,240.12 2 1
subtitle-translator/internal/model/model.go:40.35,41.28 1 1
subtitle-translator/internal/model/model.go:41.28,42.17 1 1
subtitle-translator/internal/model/model.go:42.17,44.4 1 1
subtitle-translator/internal/model/model.go:46.2,46.22 1 1
subtitle-translator/internal/model/model.go:49.50,52.31 3 1
subtitle-translator/internal/model/model.go:52.31,54.3 1 1
subtitle-translator/internal/model/model.go:55.2,55.39 1 1
subtitle-translator/internal/model/model.go:55.39,57.49 2 1
subtitle-translator/internal/model/model.go:57.49,59.4 1 0
subtitle-translator/internal/model/model.go:61.2,61.12 1 1
subtitle-translator/internal/model/model.go:64.41,64.84 1 1
subtitle-translator/internal/model/model.go:68.68,69.28 1 1
subtitle-translator/internal/model/model.go:69.28,71.24 2 1
subtitle-translator/internal/model/model.go:71.24,73.4 1 1
subtitle-translator/internal/model/model.go:74.3,74.112 1 1
subtitle-translator/internal/model/model.go:76.2,78.15 3 1
subtitle-translator/internal/model/model.go:78.15,80.3 1 1
subtitle-translator/internal/model/model.go:81.2,82.31 2 1
subtitle-translator/internal/model/model.go:82.31,84.3 1 1
subtitle-translator/internal/model/model.go:85.2,86.46 2 1
subtitle-translator/internal/model/model.go:86.46,88.3 1 1
subtitle-translator/internal/model/model.go:89.2,89.24 1 1
subtitle-translator/internal/model/model.go:99.93,100.19 1 1
subtitle-translator/internal/model/model.go:100.19,102.3 1 1
subtitle-translator/internal/model/model.go:103.2,103.68 1 1
subtitle-translator/internal/model/model.go:103.68,105.17 2 1
subtitle-translator/internal/model/model.go:105.17,107.4 1 0
subtitle-translator/internal/model/model.go:108.3,108.13 1 1
subtitle-translator/internal/model/model.go:108.13,110.4 1 1
subtitle-translator/internal/model/model.go:111.3,111.24 1 1
subtitle-translator/internal/model/model.go:113.2,114.61 2 1
subtitle-translator/internal/model/model.go:114.61,117.26 3 1
subtitle-translator/internal/model/model.go:117.26,119.4 1 0
subtitle-translator/internal/model/model.go:121.3,121.53 1 1
subtitle-translator/internal/model/model.go:121.53,123.50 2 1
subtitle-translator/internal/model/model.go:123.50,125.89 2 1
subtitle-translator/internal/model/model.go:125.89,127.6 1 1
subtitle-translator/internal/model/model.go:130.3,130.19 1 1
subtitle-translator/internal/model/model.go:132.2,132.14 1 1
subtitle-translator/internal/model/model.go:132.14,134.3 1 1
subtitle-translator/internal/model/model.go:135.2,136.16 2 1
subtitle-translator/internal/model/model.go:136.16,138.3 1 1
subtitle-translator/internal/model/model.go:139.2,140.80 2 1
subtitle-translator/internal/model/model.go:140.80,142.3 1 1
subtitle-translator/internal/model/model.go:143.2,143.187 1 1
subtitle-translator/internal/model/model.go:146.57,149.2 2 1
subtitle-translator/internal/model/model.go:151.56,152.48 1 1
subtitle-translator/internal/model/model.go:152.48,153.62 1 1
subtitle-translator/internal/model/model.go:153.62,155.4 1 1
subtitle-translator/internal/model/model.go:157.2,157.17 1 1
subtitle-translator/internal/model/model.go:160.41,161.16 1 1
subtitle-translator/internal/model/model.go:161.16,163.3 1 0
subtitle-translator/internal/model/model.go:164.2,165.16 2 1
subtitle-translator/internal/model/model.go:165.16,167.3 1 1
subtitle-translator/internal/model/model.go:168.2,170.40 3 1
subtitle-translator/internal/model/model.go:170.40,172.3 1 0
subtitle-translator/internal/model/model.go:173.2,174.35 2 1
subtitle-translator/internal/model/model.go:174.35,176.3 1 1
subtitle-translator/internal/model/model.go:177.2,177.12 1 1
subtitle-translator/internal/platform/priority_windows.go:11.35,18.13 7 0
subtitle-translator/internal/platform/priority_windows.go:18.13,20.3 1 0
subtitle-translator/internal/platform/priority_windows.go:21.2,21.12 1 0
