mode: set
subtitle-translator/internal/pipeline/integrator.go:105.74,106.60 1 1
subtitle-translator/internal/pipeline/integrator.go:106.60,108.3 1 1
subtitle-translator/internal/pipeline/integrator.go:109.2,114.33 6 1
subtitle-translator/internal/pipeline/integrator.go:114.33,115.7 1 1
subtitle-translator/internal/pipeline/integrator.go:115.7,116.11 1 1
subtitle-translator/internal/pipeline/integrator.go:117.22,118.11 1 1
subtitle-translator/internal/pipeline/integrator.go:119.27,120.12 1 1
subtitle-translator/internal/pipeline/integrator.go:120.12,122.6 1 1
subtitle-translator/internal/pipeline/integrator.go:123.5,127.19 5 1
subtitle-translator/internal/pipeline/integrator.go:127.19,130.14 3 1
subtitle-translator/internal/pipeline/integrator.go:132.5,132.19 1 1
subtitle-translator/internal/pipeline/integrator.go:132.19,133.14 1 1
subtitle-translator/internal/pipeline/integrator.go:135.5,137.12 3 1
subtitle-translator/internal/pipeline/integrator.go:138.201,138.201 0 1
subtitle-translator/internal/pipeline/integrator.go:139.23,140.12 1 0
subtitle-translator/internal/pipeline/integrator.go:145.2,145.41 1 1
subtitle-translator/internal/pipeline/integrator.go:145.41,147.7 2 1
subtitle-translator/internal/pipeline/integrator.go:147.7,148.11 1 1
subtitle-translator/internal/pipeline/integrator.go:149.22,150.11 1 1
subtitle-translator/internal/pipeline/integrator.go:151.35,152.12 1 1
subtitle-translator/internal/pipeline/integrator.go:152.12,154.6 1 1
subtitle-translator/internal/pipeline/integrator.go:155.5,162.83 8 1
subtitle-translator/internal/pipeline/integrator.go:162.83,167.6 4 1
subtitle-translator/internal/pipeline/integrator.go:167.11,169.6 1 1
subtitle-translator/internal/pipeline/integrator.go:170.5,172.19 3 1
subtitle-translator/internal/pipeline/integrator.go:172.19,176.14 4 1
subtitle-translator/internal/pipeline/integrator.go:178.5,178.22 1 1
subtitle-translator/internal/pipeline/integrator.go:178.22,179.14 1 1
subtitle-translator/internal/pipeline/integrator.go:181.5,181.24 1 1
subtitle-translator/internal/pipeline/integrator.go:181.24,183.6 1 0
subtitle-translator/internal/pipeline/integrator.go:184.5,187.25 4 1
subtitle-translator/internal/pipeline/integrator.go:187.25,189.6 1 1
subtitle-translator/internal/pipeline/integrator.go:190.5,194.34 5 1
subtitle-translator/internal/pipeline/integrator.go:194.34,196.6 1 0
subtitle-translator/internal/pipeline/integrator.go:197.5,198.25 2 1
subtitle-translator/internal/pipeline/integrator.go:198.25,200.6 1 1
subtitle-translator/internal/pipeline/integrator.go:201.5,202.311 2 1
subtitle-translator/internal/pipeline/integrator.go:206.2,206.6 1 1
subtitle-translator/internal/pipeline/integrator.go:206.6,207.10 1 1
subtitle-translator/internal/pipeline/integrator.go:208.21,213.14 5 1
subtitle-translator/internal/pipeline/integrator.go:214.27,215.11 1 1
subtitle-translator/internal/pipeline/integrator.go:215.11,221.5 5 1
subtitle-translator/internal/pipeline/integrator.go:222.4,224.11 3 1
subtitle-translator/internal/pipeline/integrator.go:225.65,225.65 0 1
subtitle-translator/internal/pipeline/integrator.go:226.12,227.70 1 0
subtitle-translator/internal/pipeline/integrator.go:233.32,234.11 1 1
subtitle-translator/internal/pipeline/integrator.go:234.11,236.3 1 0
subtitle-translator/internal/pipeline/integrator.go:237.2,237.18 1 1
subtitle-translator/internal/pipeline/integrator.go:240.64,242.15 2 1
subtitle-translator/internal/pipeline/integrator.go:242.15,243.31 1 1
subtitle-translator/internal/pipeline/integrator.go:243.31,245.4 1 1
subtitle-translator/internal/pipeline/integrator.go:247.2,247.6 1 1
subtitle-translator/internal/pipeline/integrator.go:249.40,251.21 2 1
subtitle-translator/internal/pipeline/integrator.go:251.21,253.3 1 1
subtitle-translator/internal/pipeline/integrator.go:255.57,256.32 1 1
subtitle-translator/internal/pipeline/integrator.go:256.32,258.3 1 1
subtitle-translator/internal/pipeline/integrator.go:260.70,261.64 1 1
subtitle-translator/internal/pipeline/integrator.go:261.64,263.3 1 1
subtitle-translator/internal/pipeline/integrator.go:263.8,263.59 1 1
subtitle-translator/internal/pipeline/integrator.go:263.59,265.3 1 1
subtitle-translator/internal/pipeline/integrator.go:265.8,267.3 1 1
subtitle-translator/internal/pipeline/integrator.go:269.50,270.24 1 1
subtitle-translator/internal/pipeline/integrator.go:270.24,272.3 1 1
subtitle-translator/internal/pipeline/integrator.go:274.54,275.69 1 1
subtitle-translator/internal/pipeline/integrator.go:275.69,277.3 1 0
subtitle-translator/internal/pipeline/integrator.go:278.2,278.18 1 1
subtitle-translator/internal/pipeline/integrator.go:280.36,282.2 1 1
subtitle-translator/internal/device/device.go:33.56,34.16 1 1
subtitle-translator/internal/device/device.go:34.16,36.3 1 1
subtitle-translator/internal/device/device.go:37.2,38.16 2 0
subtitle-translator/internal/device/device.go:38.16,40.3 1 0
subtitle-translator/internal/device/device.go:41.2,42.26 2 0
subtitle-translator/internal/device/device.go:42.26,46.96 2 0
subtitle-translator/internal/device/device.go:46.96,47.43 1 0
subtitle-translator/internal/device/device.go:47.43,48.43 1 0
subtitle-translator/internal/device/device.go:48.43,50.6 1 0
subtitle-translator/internal/device/device.go:53.3,59.5 1 0
subtitle-translator/internal/device/device.go:61.2,61.19 1 0
subtitle-translator/internal/device/device.go:61.19,63.3 1 0
subtitle-translator/internal/device/device.go:64.2,64.17 1 0
subtitle-translator/internal/device/device.go:69.41,71.2 1 0
subtitle-translator/internal/device/device.go:74.74,75.21 1 1
subtitle-translator/internal/device/device.go:75.21,77.3 1 1
subtitle-translator/internal/device/device.go:78.2,78.29 1 1
subtitle-translator/internal/device/device.go:78.29,80.3 1 1
subtitle-translator/internal/device/device.go:82.2,84.26 3 1
subtitle-translator/internal/device/device.go:84.26,86.16 2 1
subtitle-translator/internal/device/device.go:86.16,89.4 2 1
subtitle-translator/internal/device/device.go:90.3,91.19 2 1
subtitle-translator/internal/device/device.go:91.19,93.4 1 1
subtitle-translator/internal/device/device.go:94.3,94.90 1 1
subtitle-translator/internal/device/device.go:96.2,96.23 1 1
subtitle-translator/internal/device/device.go:96.23,98.3 1 1
subtitle-translator/internal/device/device.go:98.8,100.3 1 1
subtitle-translator/internal/device/device.go:102.2,103.21 2 1
subtitle-translator/internal/device/device.go:103.21,104.39 1 1
subtitle-translator/internal/device/device.go:104.39,106.4 1 1
subtitle-translator/internal/device/device.go:107.3,107.30 1 1
subtitle-translator/internal/device/device.go:109.2,110.38 2 1
subtitle-translator/internal/device/device.go:110.38,112.3 1 1
subtitle-translator/internal/device/device.go:113.2,113.32 1 1
subtitle-translator/internal/device/device.go:114.27,115.30 1 1
subtitle-translator/internal/device/device.go:117.2,118.16 2 1
subtitle-translator/internal/device/device.go:118.16,120.3 1 1
subtitle-translator/internal/device/device.go:121.2,121.34 1 1
subtitle-translator/internal/device/device.go:124.57,125.29 1 1
subtitle-translator/internal/device/device.go:125.29,126.26 1 1
subtitle-translator/internal/device/device.go:126.26,128.4 1 1
subtitle-translator/internal/device/device.go:130.2,130.69 1 1
subtitle-translator/internal/audio/collector.go:36.29,38.48 2 1
subtitle-translator/internal/audio/collector.go:38.48,40.3 1 1
subtitle-translator/internal/audio/collector.go:41.2,48.3 1 1
subtitle-translator/internal/audio/collector.go:91.69,93.2 1 0
subtitle-translator/internal/audio/collector.go:95.91,104.39 3 1
subtitle-translator/internal/audio/collector.go:104.39,106.3 1 1
subtitle-translator/internal/audio/collector.go:107.2,107.10 1 1
subtitle-translator/internal/audio/collector.go:110.42,112.29 2 1
subtitle-translator/internal/audio/collector.go:112.29,114.3 1 1
subtitle-translator/internal/audio/collector.go:115.2,115.30 1 1
subtitle-translator/internal/audio/collector.go:115.30,117.3 1 1
subtitle-translator/internal/audio/collector.go:118.2,118.32 1 1
subtitle-translator/internal/audio/collector.go:118.32,120.3 1 1
subtitle-translator/internal/audio/collector.go:121.2,121.49 1 1
subtitle-translator/internal/audio/collector.go:121.49,123.3 1 1
subtitle-translator/internal/audio/collector.go:124.2,124.28 1 1
subtitle-translator/internal/audio/collector.go:124.28,126.3 1 0
subtitle-translator/internal/audio/collector.go:127.2,127.49 1 1
subtitle-translator/internal/audio/collector.go:127.49,129.3 1 1
subtitle-translator/internal/audio/collector.go:130.2,130.24 1 1
subtitle-translator/internal/audio/collector.go:130.24,132.3 1 1
subtitle-translator/internal/audio/collector.go:133.2,133.20 1 1
subtitle-translator/internal/audio/collector.go:133.20,135.3 1 1
subtitle-translator/internal/audio/collector.go:136.2,136.12 1 1
subtitle-translator/internal/audio/collector.go:139.46,139.62 1 0
subtitle-translator/internal/audio/collector.go:143.54,144.16 1 1
subtitle-translator/internal/audio/collector.go:144.16,146.3 1 1
subtitle-translator/internal/audio/collector.go:147.2,147.18 1 1
subtitle-translator/internal/audio/collector.go:147.18,149.3 1 1
subtitle-translator/internal/audio/collector.go:150.2,152.15 3 0
subtitle-translator/internal/audio/collector.go:152.15,154.3 1 0
subtitle-translator/internal/audio/collector.go:155.2,155.15 1 0
subtitle-translator/internal/audio/collector.go:155.15,157.3 1 0
subtitle-translator/internal/audio/collector.go:159.2,168.16 9 0
subtitle-translator/internal/audio/collector.go:168.16,170.3 1 0
subtitle-translator/internal/audio/collector.go:171.2,175.36 5 0
subtitle-translator/internal/audio/collector.go:175.36,177.24 2 0
subtitle-translator/internal/audio/collector.go:177.24,177.41 1 0
subtitle-translator/internal/audio/collector.go:178.3,181.60 4 0
subtitle-translator/internal/audio/collector.go:183.2,183.12 1 0
subtitle-translator/internal/audio/collector.go:183.12,183.38 2 0
subtitle-translator/internal/audio/collector.go:184.2,184.12 1 0
subtitle-translator/internal/audio/collector.go:189.73,192.54 3 1
subtitle-translator/internal/audio/collector.go:192.54,195.3 2 1
subtitle-translator/internal/audio/collector.go:196.2,196.9 1 1
subtitle-translator/internal/audio/collector.go:197.25,200.10 3 1
subtitle-translator/internal/audio/collector.go:201.23,202.59 1 1
subtitle-translator/internal/audio/collector.go:203.11,205.19 2 0
subtitle-translator/internal/audio/collector.go:207.10,208.33 1 1
subtitle-translator/internal/audio/collector.go:212.31,216.6 4 0
subtitle-translator/internal/audio/collector.go:216.6,217.10 1 0
subtitle-translator/internal/audio/collector.go:218.25,221.37 3 0
subtitle-translator/internal/audio/collector.go:221.37,223.5 1 0
subtitle-translator/internal/audio/collector.go:224.17,225.8 1 0
subtitle-translator/internal/audio/collector.go:225.8,226.12 1 0
subtitle-translator/internal/audio/collector.go:227.27,230.39 3 0
subtitle-translator/internal/audio/collector.go:230.39,232.7 1 0
subtitle-translator/internal/audio/collector.go:233.13,234.54 1 0
subtitle-translator/internal/audio/collector.go:234.54,236.7 1 0
subtitle-translator/internal/audio/collector.go:237.6,237.12 1 0
subtitle-translator/internal/audio/collector.go:244.42,245.9 1 0
subtitle-translator/internal/audio/collector.go:246.24,247.33 1 0
subtitle-translator/internal/audio/collector.go:248.10,249.33 1 0
subtitle-translator/internal/audio/collector.go:254.28,256.16 2 1
subtitle-translator/internal/audio/collector.go:256.16,259.3 2 1
subtitle-translator/internal/audio/collector.go:260.2,264.16 5 0
subtitle-translator/internal/audio/collector.go:264.16,267.3 2 0
subtitle-translator/internal/audio/collector.go:268.2,268.23 1 0
subtitle-translator/internal/audio/collector.go:268.23,268.40 1 0
subtitle-translator/internal/audio/collector.go:269.2,269.10 1 0
subtitle-translator/internal/audio/collector.go:272.35,280.2 1 1
subtitle-translator/internal/audio/vad.go:20.49,22.16 2 1
subtitle-translator/internal/audio/vad.go:22.16,24.3 1 0
subtitle-translator/internal/audio/vad.go:25.2,25.39 1 1
subtitle-translator/internal/audio/vad.go:25.39,27.3 1 0
subtitle-translator/internal/audio/vad.go:28.2,28.62 1 1
subtitle-translator/internal/audio/vad.go:31.47,33.32 2 0
subtitle-translator/internal/audio/vad.go:33.32,35.3 1 0
subtitle-translator/internal/audio/vad.go:36.2,36.29 1 0
subtitle-translator/internal/audio/vad.go:36.29,38.27 2 0
subtitle-translator/internal/audio/vad.go:38.27,40.4 1 0
subtitle-translator/internal/audio/vad.go:41.3,41.17 1 0
subtitle-translator/internal/audio/vad.go:41.17,43.4 1 0
subtitle-translator/internal/audio/vad.go:44.3,44.25 1 0
subtitle-translator/internal/audio/vad.go:46.2,46.40 1 0
subtitle-translator/internal/audio/vad.go:46.40,49.3 2 0
subtitle-translator/internal/audio/vad.go:50.2,50.14 1 0
subtitle-translator/internal/audio/vad.go:62.36,62.76 1 1
subtitle-translator/internal/audio/vad.go:64.49,66.18 2 1
subtitle-translator/internal/audio/vad.go:66.18,68.3 1 1
subtitle-translator/internal/audio/vad.go:69.2,72.31 4 1
subtitle-translator/internal/audio/vad.go:72.31,75.16 3 1
subtitle-translator/internal/audio/vad.go:75.16,77.4 1 1
subtitle-translator/internal/audio/vad.go:78.3,79.46 2 1
subtitle-translator/internal/audio/vad.go:79.46,81.4 1 1
subtitle-translator/internal/audio/vad.go:82.3,82.20 1 1
subtitle-translator/internal/audio/vad.go:84.2,85.20 2 1
subtitle-translator/internal/audio/vad.go:85.20,87.25 2 1
subtitle-translator/internal/audio/vad.go:87.25,89.4 1 1
subtitle-translator/internal/audio/vad.go:90.3,90.23 1 1
subtitle-translator/internal/audio/vad.go:92.2,93.21 2 1
subtitle-translator/internal/audio/vad.go:93.21,95.3 1 1
subtitle-translator/internal/audio/vad.go:98.2,99.13 2 1
subtitle-translator/internal/audio/vad.go:99.13,102.25 2 1
subtitle-translator/internal/audio/vad.go:102.25,104.4 1 1
subtitle-translator/internal/audio/vad.go:106.2,106.15 1 1
subtitle-translator/internal/audio/vad.go:118.42,118.91 1 1
subtitle-translator/internal/audio/vad.go:120.49,121.20 1 1
subtitle-translator/internal/audio/vad.go:121.20,123.3 1 1
subtitle-translator/internal/audio/vad.go:124.2,124.23 1 1
subtitle-translator/internal/audio/vad.go:124.23,126.3 1 0
subtitle-translator/internal/audio/vad.go:127.2,129.48 3 1
subtitle-translator/internal/audio/vad.go:132.84,133.15 1 1
subtitle-translator/internal/audio/vad.go:133.15,134.13 1 1
subtitle-translator/internal/audio/vad.go:134.13,137.4 2 1
subtitle-translator/internal/audio/vad.go:138.3,140.20 3 1
subtitle-translator/internal/audio/vad.go:145.2,147.33 3 1
subtitle-translator/internal/audio/vad.go:147.33,148.25 1 1
subtitle-translator/internal/audio/vad.go:148.25,150.4 1 1
subtitle-translator/internal/audio/vad.go:151.3,153.81 3 1
subtitle-translator/internal/audio/vad.go:155.2,157.32 2 1
subtitle-translator/internal/audio/vad.go:157.32,159.3 1 0
subtitle-translator/internal/audio/vad.go:160.2,160.46 1 1
subtitle-translator/internal/audio/vad.go:160.46,162.3 1 1
subtitle-translator/internal/audio/vad.go:163.2,163.12 1 1
subtitle-translator/internal/audio/vad.go:166.73,168.11 2 1
subtitle-translator/internal/audio/vad.go:168.11,171.3 2 1
subtitle-translator/internal/audio/vad.go:171.8,173.3 1 1
subtitle-translator/internal/audio/vad.go:176.49,178.19 2 1
subtitle-translator/internal/audio/vad.go:178.19,180.3 1 0
subtitle-translator/internal/audio/vad.go:181.2,182.49 2 1
subtitle-translator/internal/audio/vad.go:182.49,185.3 2 0
subtitle-translator/internal/audio/vad.go:188.53,191.40 3 1
subtitle-translator/internal/audio/vad.go:191.40,194.52 2 1
subtitle-translator/internal/audio/vad.go:194.52,196.4 1 1
subtitle-translator/internal/audio/vad.go:198.2,202.11 5 1
subtitle-translator/internal/audio/vad.go:202.11,204.3 1 1
subtitle-translator/internal/audio/vad.go:205.2,205.12 1 1
subtitle-translator/internal/audio/vad.go:208.36,210.24 2 1
subtitle-translator/internal/audio/vad.go:210.24,212.3 1 1
subtitle-translator/internal/audio/vad.go:213.2,213.12 1 0
subtitle-translator/internal/translate/deepseek.go:73.36,73.100 3 1
subtitle-translator/internal/translate/deepseek.go:75.30,75.87 1 1
subtitle-translator/internal/translate/deepseek.go:77.40,78.24 1 1
subtitle-translator/internal/translate/deepseek.go:78.24,80.3 1 1
subtitle-translator/internal/translate/deepseek.go:81.2,81.21 1 1
subtitle-translator/internal/translate/deepseek.go:81.21,83.3 1 1
subtitle-translator/internal/translate/deepseek.go:84.2,84.22 1 1
subtitle-translator/internal/translate/deepseek.go:84.22,86.3 1 1
subtitle-translator/internal/translate/deepseek.go:87.2,87.21 1 1
subtitle-translator/internal/translate/deepseek.go:87.21,89.3 1 1
subtitle-translator/internal/translate/deepseek.go:90.2,90.161 1 1
subtitle-translator/internal/translate/deepseek.go:93.34,94.43 1 1
subtitle-translator/internal/translate/deepseek.go:94.43,96.3 1 0
subtitle-translator/internal/translate/deepseek.go:97.2,97.41 1 1
subtitle-translator/internal/translate/deepseek.go:97.41,98.49 1 1
subtitle-translator/internal/translate/deepseek.go:98.49,100.4 1 1
subtitle-translator/internal/translate/deepseek.go:102.2,102.14 1 1
subtitle-translator/internal/translate/deepseek.go:105.80,107.16 2 1
subtitle-translator/internal/translate/deepseek.go:107.16,109.3 1 1
subtitle-translator/internal/translate/deepseek.go:110.2,110.23 1 1
subtitle-translator/internal/translate/deepseek.go:114.92,116.33 2 1
subtitle-translator/internal/translate/deepseek.go:116.33,118.3 1 1
subtitle-translator/internal/translate/deepseek.go:119.2,119.36 1 1
subtitle-translator/internal/translate/deepseek.go:119.36,121.3 1 0
subtitle-translator/internal/translate/deepseek.go:122.2,125.16 4 1
subtitle-translator/internal/translate/deepseek.go:125.16,127.3 1 0
subtitle-translator/internal/translate/deepseek.go:128.2,130.79 3 1
subtitle-translator/internal/translate/deepseek.go:130.79,132.3 1 1
subtitle-translator/internal/translate/deepseek.go:133.2,143.16 3 1
subtitle-translator/internal/translate/deepseek.go:143.16,145.3 1 0
subtitle-translator/internal/translate/deepseek.go:146.2,146.39 1 1
subtitle-translator/internal/translate/deepseek.go:149.91,150.17 1 1
subtitle-translator/internal/translate/deepseek.go:150.17,152.3 1 0
subtitle-translator/internal/translate/deepseek.go:154.2,155.52 2 1
subtitle-translator/internal/translate/deepseek.go:155.52,156.18 1 1
subtitle-translator/internal/translate/deepseek.go:156.18,158.11 2 1
subtitle-translator/internal/translate/deepseek.go:159.29,159.29 0 1
subtitle-translator/internal/translate/deepseek.go:160.22,161.35 1 0
subtitle-translator/internal/translate/deepseek.go:164.3,165.17 2 1
subtitle-translator/internal/translate/deepseek.go:165.17,167.4 1 0
subtitle-translator/internal/translate/deepseek.go:168.3,171.17 4 1
subtitle-translator/internal/translate/deepseek.go:171.17,173.12 2 0
subtitle-translator/internal/translate/deepseek.go:175.3,177.21 3 1
subtitle-translator/internal/translate/deepseek.go:177.21,179.12 2 0
subtitle-translator/internal/translate/deepseek.go:181.3,181.39 1 1
subtitle-translator/internal/translate/deepseek.go:181.39,184.78 2 1
subtitle-translator/internal/translate/deepseek.go:184.78,185.10 1 0
subtitle-translator/internal/translate/deepseek.go:187.4,187.12 1 1
subtitle-translator/internal/translate/deepseek.go:189.3,197.52 2 1
subtitle-translator/internal/translate/deepseek.go:197.52,199.12 2 0
subtitle-translator/internal/translate/deepseek.go:201.3,201.28 1 1
subtitle-translator/internal/translate/deepseek.go:201.28,203.12 2 0
subtitle-translator/internal/translate/deepseek.go:205.3,207.66 3 1
subtitle-translator/internal/translate/deepseek.go:207.66,209.12 2 1
subtitle-translator/internal/translate/deepseek.go:211.3,213.36 3 1
subtitle-translator/internal/translate/deepseek.go:213.36,216.4 2 1
subtitle-translator/internal/translate/deepseek.go:217.3,217.27 1 1
subtitle-translator/internal/translate/deepseek.go:217.27,219.12 2 1
subtitle-translator/internal/translate/deepseek.go:221.3,225.21 5 1
subtitle-translator/internal/translate/deepseek.go:227.2,227.17 1 1
subtitle-translator/internal/translate/deepseek.go:227.17,229.3 1 0
subtitle-translator/internal/translate/deepseek.go:230.2,230.27 1 1
subtitle-translator/internal/ws/server.go:111.31,113.2 1 1
subtitle-translator/internal/ws/server.go:115.68,123.2 3 1
subtitle-translator/internal/ws/server.go:125.41,127.69 2 1
subtitle-translator/internal/ws/server.go:127.69,127.94 1 1
subtitle-translator/internal/ws/server.go:128.2,128.75 1 1
subtitle-translator/internal/ws/server.go:128.75,129.26 1 1
subtitle-translator/internal/ws/server.go:129.26,131.4 1 1
subtitle-translator/internal/ws/server.go:132.3,132.23 1 1
subtitle-translator/internal/ws/server.go:134.2,137.12 4 1
subtitle-translator/internal/ws/server.go:140.69,141.133 1 1
subtitle-translator/internal/ws/server.go:141.133,144.3 2 0
subtitle-translator/internal/ws/server.go:145.2,145.81 1 1
subtitle-translator/internal/ws/server.go:145.81,147.3 1 1
subtitle-translator/internal/ws/server.go:148.2,148.22 1 1
subtitle-translator/internal/ws/server.go:148.22,151.3 2 0
subtitle-translator/internal/ws/server.go:152.2,154.24 3 1
subtitle-translator/internal/ws/server.go:157.71,164.2 6 1
subtitle-translator/internal/ws/server.go:166.50,167.46 1 0
subtitle-translator/internal/ws/server.go:167.46,169.3 1 0
subtitle-translator/internal/ws/server.go:170.2,172.15 3 0
subtitle-translator/internal/ws/server.go:177.45,177.60 1 1
subtitle-translator/internal/ws/server.go:180.77,182.16 2 1
subtitle-translator/internal/ws/server.go:182.16,184.3 1 0
subtitle-translator/internal/ws/server.go:185.2,191.6 7 1
subtitle-translator/internal/ws/server.go:191.6,192.50 1 1
subtitle-translator/internal/ws/server.go:192.50,194.4 1 1
subtitle-translator/internal/ws/server.go:198.38,200.16 2 1
subtitle-translator/internal/ws/server.go:200.16,202.3 1 0
subtitle-translator/internal/ws/server.go:203.2,204.37 2 1
subtitle-translator/internal/ws/server.go:207.66,211.2 3 1
subtitle-translator/internal/ws/server.go:213.60,214.19 1 1
subtitle-translator/internal/ws/server.go:214.19,216.3 1 0
subtitle-translator/internal/ws/server.go:217.2,219.15 3 1
subtitle-translator/internal/ws/server.go:222.74,226.32 4 1
subtitle-translator/internal/ws/server.go:226.32,228.3 1 1
subtitle-translator/internal/ws/server.go:229.2,230.14 2 1
subtitle-translator/internal/ws/server.go:237.72,238.25 1 1
subtitle-translator/internal/ws/server.go:238.25,240.3 1 1
subtitle-translator/internal/ws/server.go:241.2,247.18 7 1
subtitle-translator/internal/ws/server.go:248.22,249.27 1 0
subtitle-translator/internal/ws/server.go:249.27,252.18 3 0
subtitle-translator/internal/ws/server.go:252.18,255.5 2 0
subtitle-translator/internal/ws/server.go:257.3,257.39 1 0
subtitle-translator/internal/ws/server.go:258.22,262.48 4 1
subtitle-translator/internal/ws/server.go:262.48,265.4 2 0
subtitle-translator/internal/ws/server.go:266.3,266.56 1 1
subtitle-translator/internal/ws/server.go:266.56,269.4 2 0
subtitle-translator/internal/ws/server.go:272.3,272.32 1 1
subtitle-translator/internal/ws/server.go:272.32,273.61 1 0
subtitle-translator/internal/ws/server.go:273.61,276.5 2 0
subtitle-translator/internal/ws/server.go:276.10,278.5 1 0
subtitle-translator/internal/ws/server.go:280.3,280.53 1 1
subtitle-translator/internal/ws/server.go:280.53,283.4 2 1
subtitle-translator/internal/ws/server.go:284.3,285.29 2 1
subtitle-translator/internal/ws/server.go:285.29,288.18 3 1
subtitle-translator/internal/ws/server.go:288.18,291.5 2 0
subtitle-translator/internal/ws/server.go:292.4,292.26 1 1
subtitle-translator/internal/ws/server.go:292.26,294.5 1 0
subtitle-translator/internal/ws/server.go:295.9,295.32 1 1
subtitle-translator/internal/ws/server.go:295.32,296.41 1 0
subtitle-translator/internal/ws/server.go:296.41,298.5 1 0
subtitle-translator/internal/ws/server.go:298.10,300.5 1 0
subtitle-translator/internal/ws/server.go:302.3,305.39 4 1
subtitle-translator/internal/ws/server.go:306.10,308.82 2 0
subtitle-translator/internal/ws/server.go:312.53,313.47 1 1
subtitle-translator/internal/ws/server.go:313.47,315.3 1 1
subtitle-translator/internal/ws/server.go:316.2,316.61 1 1
subtitle-translator/internal/ws/server.go:316.61,318.3 1 0
subtitle-translator/internal/ws/server.go:319.2,319.59 1 1
subtitle-translator/internal/ws/server.go:319.59,321.3 1 0
subtitle-translator/internal/ws/server.go:322.2,322.52 1 1
subtitle-translator/internal/ws/server.go:322.52,324.3 1 0
subtitle-translator/internal/ws/server.go:325.2,325.36 1 1
subtitle-translator/internal/ws/server.go:325.36,327.3 1 0
subtitle-translator/internal/ws/server.go:328.2,328.29 1 1
subtitle-translator/internal/ws/server.go:328.29,330.3 1 0
subtitle-translator/internal/ws/server.go:331.2,331.35 1 1
subtitle-translator/internal/ws/server.go:331.35,332.95 1 1
subtitle-translator/internal/ws/server.go:332.95,334.4 1 0
subtitle-translator/internal/ws/server.go:336.2,336.12 1 1
subtitle-translator/internal/ws/server.go:339.57,342.2 2 1
subtitle-translator/internal/ws/server.go:344.66,347.2 2 1
subtitle-translator/internal/ws/server.go:349.36,351.39 2 1
subtitle-translator/internal/ws/server.go:351.39,354.3 2 1
subtitle-translator/internal/ws/server.go:355.2,355.15 1 1
subtitle-translator/internal/ws/server.go:358.32,360.42 2 1
subtitle-translator/internal/ws/server.go:360.42,362.3 1 1
subtitle-translator/internal/ws/server.go:363.2,363.12 1 0
subtitle-translator/internal/ws/server.go:367.58,369.12 2 1
subtitle-translator/internal/ws/server.go:369.12,370.10 1 1
subtitle-translator/internal/ws/server.go:371.21,374.31 3 1
subtitle-translator/internal/ws/server.go:375.15,375.15 0 0
subtitle-translator/internal/ws/server.go:378.2,380.12 3 1
subtitle-translator/internal/ws/server.go:383.54,387.27 4 1
subtitle-translator/internal/ws/server.go:387.27,390.3 2 0
subtitle-translator/internal/ws/server.go:391.2,392.28 2 1
subtitle-translator/internal/ws/server.go:392.28,397.3 4 0
subtitle-translator/internal/ws/server.go:398.2,398.12 1 1
subtitle-translator/internal/ws/server.go:401.41,403.2 1 1
subtitle-translator/internal/ws/server.go:405.64,407.2 1 1
subtitle-translator/internal/ws/server.go:409.80,418.2 4 1
subtitle-translator/internal/ws/server.go:420.57,421.19 1 1
subtitle-translator/internal/ws/server.go:421.19,423.3 1 1
subtitle-translator/internal/ws/server.go:424.2,424.79 1 1
subtitle-translator/internal/ws/server.go:427.54,429.2 1 1
subtitle-translator/internal/ws/server.go:431.63,432.17 1 1
subtitle-translator/internal/ws/server.go:432.17,434.3 1 1
subtitle-translator/internal/ws/server.go:435.2,436.16 2 1
subtitle-translator/internal/ws/server.go:436.16,438.3 1 0
subtitle-translator/internal/ws/server.go:439.2,441.27 3 1
subtitle-translator/internal/ws/server.go:441.27,442.28 1 1
subtitle-translator/internal/ws/server.go:442.28,444.4 1 1
subtitle-translator/internal/ws/server.go:446.2,447.28 2 1
subtitle-translator/internal/ws/server.go:447.28,452.17 5 1
subtitle-translator/internal/ws/server.go:452.17,454.4 1 0
subtitle-translator/internal/ws/server.go:456.2,456.12 1 1
subtitle-translator/internal/ws/server.go:459.36,463.2 3 1
subtitle-translator/internal/glossary/glossary.go:29.42,31.16 2 1
subtitle-translator/internal/glossary/glossary.go:31.16,33.3 1 0
subtitle-translator/internal/glossary/glossary.go:34.2,34.23 1 1
subtitle-translator/internal/glossary/glossary.go:34.23,36.3 1 1
subtitle-translator/internal/glossary/glossary.go:37.2,38.31 2 1
subtitle-translator/internal/glossary/glossary.go:38.31,40.21 2 1
subtitle-translator/internal/glossary/glossary.go:40.21,42.4 1 0
subtitle-translator/internal/glossary/glossary.go:43.3,44.47 2 1
subtitle-translator/internal/glossary/glossary.go:44.47,46.4 1 0
subtitle-translator/internal/glossary/glossary.go:47.3,47.37 1 1
subtitle-translator/internal/glossary/glossary.go:47.37,49.4 1 1
subtitle-translator/internal/glossary/glossary.go:50.3,50.49 1 1
subtitle-translator/internal/glossary/glossary.go:52.2,52.15 1 1
subtitle-translator/internal/glossary/glossary.go:55.32,56.37 1 1
subtitle-translator/internal/glossary/glossary.go:56.37,58.3 1 0
subtitle-translator/internal/glossary/glossary.go:59.2,60.30 2 1
subtitle-translator/internal/glossary/glossary.go:60.30,62.53 2 1
subtitle-translator/internal/glossary/glossary.go:62.53,64.4 1 1
subtitle-translator/internal/glossary/glossary.go:65.3,65.16 1 1
subtitle-translator/internal/glossary/glossary.go:65.16,67.4 1 0
subtitle-translator/internal/glossary/glossary.go:68.3,68.19 1 1
subtitle-translator/internal/glossary/glossary.go:70.2,70.12 1 1
subtitle-translator/internal/glossary/glossary.go:73.31,75.27 2 1
subtitle-translator/internal/glossary/glossary.go:75.27,77.3 1 1
subtitle-translator/internal/glossary/glossary.go:78.2,78.10 1 1
subtitle-translator/internal/glossary/glossary.go:81.54,82.14 1 1
subtitle-translator/internal/glossary/glossary.go:82.14,84.3 1 0
subtitle-translator/internal/glossary/glossary.go:85.2,86.21 2 1
subtitle-translator/internal/glossary/glossary.go:89.34,90.14 1 1
subtitle-translator/internal/glossary/glossary.go:90.14,92.3 1 0
subtitle-translator/internal/glossary/glossary.go:93.2,94.28 2 1
subtitle-translator/internal/glossary/glossary.go:94.28,96.3 1 1
subtitle-translator/internal/glossary/glossary.go:97.2,98.10 2 1
subtitle-translator/internal/glossary/glossary.go:102.59,105.9 3 1
subtitle-translator/internal/glossary/glossary.go:105.9,107.3 1 0
subtitle-translator/internal/glossary/glossary.go:108.2,109.30 2 1
subtitle-translator/internal/glossary/glossary.go:109.30,111.3 1 1
subtitle-translator/internal/glossary/glossary.go:112.2,112.25 1 1
subtitle-translator/internal/glossary/glossary.go:112.25,113.78 1 1
subtitle-translator/internal/glossary/glossary.go:113.78,115.4 1 0
subtitle-translator/internal/glossary/glossary.go:116.3,117.36 2 1
subtitle-translator/internal/glossary/glossary.go:117.36,119.4 1 1
subtitle-translator/internal/glossary/glossary.go:119.9,122.4 2 1
subtitle-translator/internal/glossary/glossary.go:124.2,125.12 2 1
subtitle-translator/internal/glossary/glossary.go:130.64,133.9 3 0
subtitle-translator/internal/glossary/glossary.go:133.9,135.3 1 0
subtitle-translator/internal/glossary/glossary.go:136.2,137.39 2 0
subtitle-translator/internal/glossary/glossary.go:137.39,139.3 1 0
subtitle-translator/internal/glossary/glossary.go:140.2,141.12 2 0
subtitle-translator/internal/glossary/glossary.go:145.62,147.9 2 1
subtitle-translator/internal/glossary/glossary.go:147.9,149.3 1 0
subtitle-translator/internal/glossary/glossary.go:150.2,152.30 3 1
subtitle-translator/internal/glossary/glossary.go:152.30,154.30 2 1
subtitle-translator/internal/glossary/glossary.go:154.30,155.68 1 1
subtitle-translator/internal/glossary/glossary.go:155.68,157.10 2 1
subtitle-translator/internal/glossary/glossary.go:161.2,161.17 1 1
subtitle-translator/internal/config/config.go:81.24,91.2 1 1
subtitle-translator/internal/config/config.go:93.40,96.36 3 1
subtitle-translator/internal/config/config.go:96.36,98.3 1 1
subtitle-translator/internal/config/config.go:99.2,99.16 1 1
subtitle-translator/internal/config/config.go:99.16,101.3 1 1
subtitle-translator/internal/config/config.go:102.2,102.46 1 1
subtitle-translator/internal/config/config.go:102.46,104.3 1 1
subtitle-translator/internal/config/config.go:105.2,105.22 1 1
subtitle-translator/internal/config/config.go:105.22,107.3 1 1
subtitle-translator/internal/config/config.go:108.2,108.24 1 1
subtitle-translator/internal/config/config.go:108.24,110.3 1 1
subtitle-translator/internal/config/config.go:111.2,111.20 1 1
subtitle-translator/internal/config/config.go:111.20,113.3 1 1
subtitle-translator/internal/config/config.go:114.2,114.22 1 1
subtitle-translator/internal/config/config.go:114.22,116.3 1 1
subtitle-translator/internal/config/config.go:117.2,117.26 1 1
subtitle-translator/internal/config/config.go:117.26,119.3 1 1
subtitle-translator/internal/config/config.go:120.2,120.30 1 1
subtitle-translator/internal/config/config.go:120.30,122.3 1 1
subtitle-translator/internal/config/config.go:123.2,124.39 2 1
subtitle-translator/internal/config/config.go:124.39,126.3 1 0
subtitle-translator/internal/config/config.go:127.2,127.40 1 1
subtitle-translator/internal/config/config.go:127.40,129.3 1 0
subtitle-translator/internal/config/config.go:130.2,130.78 1 1
subtitle-translator/internal/config/config.go:130.78,132.3 1 0
subtitle-translator/internal/config/config.go:133.2,133.38 1 1
subtitle-translator/internal/config/config.go:133.38,135.3 1 0
subtitle-translator/internal/config/config.go:136.2,136.37 1 1
subtitle-translator/internal/config/config.go:136.37,138.3 1 0
subtitle-translator/internal/config/config.go:139.2,139.38 1 1
subtitle-translator/internal/config/config.go:139.38,141.3 1 0
subtitle-translator/internal/config/config.go:142.2,142.66 1 1
subtitle-translator/internal/config/config.go:142.66,144.3 1 0
subtitle-translator/internal/config/config.go:145.2,146.27 2 1
subtitle-translator/internal/config/config.go:146.27,148.3 1 0
subtitle-translator/internal/config/config.go:149.2,149.32 1 1
subtitle-translator/internal/config/config.go:149.32,151.3 1 0
subtitle-translator/internal/config/config.go:152.2,152.37 1 1
subtitle-translator/internal/config/config.go:152.37,154.3 1 0
subtitle-translator/internal/config/config.go:155.2,155.37 1 1
subtitle-translator/internal/config/config.go:155.37,157.3 1 0
subtitle-translator/internal/config/config.go:158.2,158.60 1 1
subtitle-translator/internal/config/config.go:158.60,160.3 1 0
subtitle-translator/internal/config/config.go:161.2,161.60 1 1
subtitle-translator/internal/config/config.go:161.60,163.3 1 0
subtitle-translator/internal/config/config.go:164.2,164.59 1 1
subtitle-translator/internal/config/config.go:164.59,166.3 1 0
subtitle-translator/internal/config/config.go:167.2,167.35 1 1
subtitle-translator/internal/config/config.go:167.35,169.3 1 0
subtitle-translator/internal/config/config.go:170.2,170.35 1 1
subtitle-translator/internal/config/config.go:170.35,172.3 1 0
subtitle-translator/internal/config/config.go:173.2,173.34 1 1
subtitle-translator/internal/config/config.go:173.34,175.3 1 0
subtitle-translator/internal/config/config.go:176.2,176.33 1 1
subtitle-translator/internal/config/config.go:176.33,178.3 1 0
subtitle-translator/internal/config/config.go:179.2,179.33 1 1
subtitle-translator/internal/config/config.go:179.33,181.3 1 0
subtitle-translator/internal/config/config.go:182.2,182.36 1 1
subtitle-translator/internal/config/config.go:182.36,184.3 1 0
subtitle-translator/internal/config/config.go:185.2,185.29 1 1
subtitle-translator/internal/config/config.go:185.29,187.3 1 1
subtitle-translator/internal/config/config.go:188.2,189.33 2 1
subtitle-translator/internal/config/config.go:189.33,191.3 1 1
subtitle-translator/internal/config/config.go:192.2,192.35 1 1
subtitle-translator/internal/config/config.go:192.35,194.3 1 1
subtitle-translator/internal/config/config.go:195.2,195.48 1 1
subtitle-translator/internal/config/config.go:195.48,197.3 1 1
subtitle-translator/internal/config/config.go:198.2,198.49 1 1
subtitle-translator/internal/config/config.go:198.49,200.3 1 1
subtitle-translator/internal/config/config.go:201.2,201.67 1 1
subtitle-translator/internal/config/config.go:201.67,203.3 1 0
subtitle-translator/internal/config/config.go:204.2,204.15 1 1
subtitle-translator/internal/config/config.go:207.49,208.113 1 1
subtitle-translator/internal/config/config.go:208.113,210.3 1 1
subtitle-translator/internal/config/config.go:211.2,211.26 1 1
subtitle-translator/internal/config/config.go:211.26,213.3 1 1
subtitle-translator/internal/config/config.go:214.2,214.68 1 1
subtitle-translator/internal/config/config.go:214.68,216.3 1 1
subtitle-translator/internal/config/config.go:217.2,218.48 2 1
subtitle-translator/internal/config/config.go:218.48,220.3 1 1
subtitle-translator/internal/config/config.go:221.2,221.93 1 1
subtitle-translator/internal/config/config.go:221.93,223.3 1 0
subtitle-translator/internal/config/config.go:224.2,224.123 1 1
subtitle-translator/internal/config/config.go:224.123,226.3 1 1
subtitle-translator/internal/config/config.go:227.2,227.12 1 1
subtitle-translator/internal/config/config.go:230.52,232.2 1 1
subtitle-translator/internal/liveconfig/manager.go:39.82,40.18 1 1
subtitle-translator/internal/liveconfig/manager.go:40.18,42.3 1 0
subtitle-translator/internal/liveconfig/manager.go:43.2,45.37 3 1
subtitle-translator/internal/liveconfig/manager.go:45.37,46.39 1 1
subtitle-translator/internal/liveconfig/manager.go:46.39,48.4 1 1
subtitle-translator/internal/liveconfig/manager.go:50.2,50.45 1 1
subtitle-translator/internal/liveconfig/manager.go:50.45,52.51 2 1
subtitle-translator/internal/liveconfig/manager.go:52.51,54.4 1 0
subtitle-translator/internal/liveconfig/manager.go:55.3,58.31 2 1
subtitle-translator/internal/liveconfig/manager.go:58.31,60.4 1 0
subtitle-translator/internal/liveconfig/manager.go:61.3,61.21 1 1
subtitle-translator/internal/liveconfig/manager.go:62.8,62.44 1 1
subtitle-translator/internal/liveconfig/manager.go:62.44,64.3 1 0
subtitle-translator/internal/liveconfig/manager.go:65.2,65.53 1 1
subtitle-translator/internal/liveconfig/manager.go:65.53,66.42 1 1
subtitle-translator/internal/liveconfig/manager.go:66.42,67.58 1 1
subtitle-translator/internal/liveconfig/manager.go:67.58,69.5 1 0
subtitle-translator/internal/liveconfig/manager.go:72.2,72.15 1 1
subtitle-translator/internal/liveconfig/manager.go:75.37,78.36 3 1
subtitle-translator/internal/liveconfig/manager.go:78.36,80.3 1 1
subtitle-translator/internal/liveconfig/manager.go:81.2,81.69 1 1
subtitle-translator/internal/liveconfig/manager.go:81.69,83.3 1 1
subtitle-translator/internal/liveconfig/manager.go:84.2,84.96 1 1
subtitle-translator/internal/liveconfig/manager.go:84.96,86.3 1 1
subtitle-translator/internal/liveconfig/manager.go:87.2,87.28 1 1
subtitle-translator/internal/liveconfig/manager.go:87.28,89.3 1 0
subtitle-translator/internal/liveconfig/manager.go:90.2,90.28 1 1
subtitle-translator/internal/liveconfig/manager.go:90.28,92.3 1 0
subtitle-translator/internal/liveconfig/manager.go:93.2,93.24 1 1
subtitle-translator/internal/liveconfig/manager.go:93.24,95.3 1 1
subtitle-translator/internal/liveconfig/manager.go:96.2,96.10 1 1
subtitle-translator/internal/liveconfig/manager.go:99.38,103.2 3 1
subtitle-translator/internal/liveconfig/manager.go:105.41,108.44 3 1
subtitle-translator/internal/liveconfig/manager.go:108.44,110.3 1 1
subtitle-translator/internal/liveconfig/manager.go:111.2,111.12 1 1
subtitle-translator/internal/liveconfig/manager.go:114.57,116.21 2 1
subtitle-translator/internal/liveconfig/manager.go:116.21,118.3 1 1
subtitle-translator/internal/liveconfig/manager.go:119.2,119.12 1 1
subtitle-translator/internal/liveconfig/manager.go:126.52,131.25 5 1
subtitle-translator/internal/liveconfig/manager.go:132.29,132.29 0 0
subtitle-translator/internal/liveconfig/manager.go:133.14,134.40 1 1
subtitle-translator/internal/liveconfig/manager.go:134.40,137.4 2 1
subtitle-translator/internal/liveconfig/manager.go:138.10,139.52 1 1
subtitle-translator/internal/liveconfig/manager.go:139.52,141.4 1 1
subtitle-translator/internal/liveconfig/manager.go:143.2,143.60 1 1
subtitle-translator/internal/liveconfig/manager.go:146.58,149.43 3 1
subtitle-translator/internal/liveconfig/manager.go:149.43,151.3 1 1
subtitle-translator/internal/liveconfig/manager.go:152.2,152.12 1 0
subtitle-translator/internal/liveconfig/manager.go:157.82,162.121 5 1
subtitle-translator/internal/liveconfig/manager.go:162.121,164.55 2 1
subtitle-translator/internal/liveconfig/manager.go:164.55,165.36 1 1
subtitle-translator/internal/liveconfig/manager.go:165.36,167.5 1 1
subtitle-translator/internal/liveconfig/manager.go:169.3,169.24 1 1
subtitle-translator/internal/liveconfig/manager.go:169.24,171.84 2 1
subtitle-translator/internal/liveconfig/manager.go:171.84,174.5 2 0
subtitle-translator/internal/liveconfig/manager.go:176.3,176.68 1 1
subtitle-translator/internal/liveconfig/manager.go:176.68,178.4 1 0
subtitle-translator/internal/liveconfig/manager.go:179.3,179.59 1 1
subtitle-translator/internal/liveconfig/manager.go:181.2,182.39 2 1
subtitle-translator/internal/liveconfig/manager.go:182.39,184.3 1 0
subtitle-translator/internal/liveconfig/manager.go:185.2,185.39 1 1
subtitle-translator/internal/liveconfig/manager.go:188.66,192.9 4 1
subtitle-translator/internal/liveconfig/manager.go:192.9,194.3 1 0
subtitle-translator/internal/liveconfig/manager.go:195.2,195.73 1 1
subtitle-translator/internal/liveconfig/manager.go:195.73,197.3 1 0
subtitle-translator/internal/liveconfig/manager.go:198.2,199.39 2 1
subtitle-translator/internal/liveconfig/manager.go:199.39,201.3 1 0
subtitle-translator/internal/liveconfig/manager.go:202.2,202.39 1 1
subtitle-translator/internal/liveconfig/manager.go:205.38,206.18 1 1
subtitle-translator/internal/liveconfig/manager.go:206.18,208.3 1 1
subtitle-translator/internal/liveconfig/manager.go:209.2,209.64 1 1
subtitle-translator/internal/liveconfig/manager.go:209.64,211.3 1 0
subtitle-translator/internal/liveconfig/manager.go:212.2,213.16 2 1
subtitle-translator/internal/liveconfig/manager.go:213.16,215.3 1 0
subtitle-translator/internal/liveconfig/manager.go:216.2,216.52 1 1
subtitle-translator/internal/asr/service.go:45.51,47.2 1 1
subtitle-translator/internal/asr/service.go:49.78,51.16 2 1
subtitle-translator/internal/asr/service.go:51.16,53.3 1 0
subtitle-translator/internal/asr/service.go:54.2,54.20 1 1
subtitle-translator/internal/asr/service.go:54.20,56.3 1 0
subtitle-translator/internal/asr/service.go:57.2,58.46 2 1
subtitle-translator/internal/asr/service.go:58.46,60.3 1 0
subtitle-translator/internal/asr/service.go:61.2,61.39 1 1
subtitle-translator/internal/asr/service.go:61.39,63.3 1 0
subtitle-translator/internal/asr/service.go:64.2,64.15 1 1
subtitle-translator/internal/asr/service.go:67.52,69.28 2 1
subtitle-translator/internal/asr/service.go:69.28,70.14 1 1
subtitle-translator/internal/asr/service.go:70.14,71.12 1 0
subtitle-translator/internal/asr/service.go:73.3,74.17 2 1
subtitle-translator/internal/asr/service.go:74.17,75.52 1 1
subtitle-translator/internal/asr/service.go:75.52,77.5 1 1
subtitle-translator/internal/asr/service.go:80.2,80.82 1 0
subtitle-translator/internal/asr/service.go:80.82,81.48 1 0
subtitle-translator/internal/asr/service.go:81.48,83.4 1 0
subtitle-translator/internal/asr/service.go:85.2,85.130 1 0
subtitle-translator/internal/asr/service.go:88.33,91.14 3 1
subtitle-translator/internal/asr/service.go:91.14,93.3 1 0
subtitle-translator/internal/asr/service.go:94.2,95.19 2 1
subtitle-translator/internal/asr/service.go:95.19,99.3 3 1
subtitle-translator/internal/asr/service.go:100.2,100.42 1 1
subtitle-translator/internal/asr/service.go:100.42,104.3 3 1
subtitle-translator/internal/asr/service.go:105.2,105.12 1 1
subtitle-translator/internal/asr/service.go:108.58,109.37 1 1
subtitle-translator/internal/asr/service.go:109.37,111.3 1 0
subtitle-translator/internal/asr/service.go:113.2,113.29 1 1
subtitle-translator/internal/asr/service.go:113.29,115.3 1 0
subtitle-translator/internal/asr/service.go:116.2,118.14 3 1
subtitle-translator/internal/asr/service.go:118.14,120.3 1 0
subtitle-translator/internal/asr/service.go:121.2,121.19 1 1
subtitle-translator/internal/asr/service.go:121.19,123.3 1 0
subtitle-translator/internal/asr/service.go:124.2,125.35 2 1
subtitle-translator/internal/asr/service.go:125.35,128.3 2 1
subtitle-translator/internal/asr/service.go:129.2,134.78 6 1
subtitle-translator/internal/asr/service.go:134.78,136.3 1 0
subtitle-translator/internal/asr/service.go:137.2,139.16 3 1
subtitle-translator/internal/asr/service.go:139.16,141.3 1 0
subtitle-translator/internal/asr/service.go:142.2,143.23 2 1
subtitle-translator/internal/asr/service.go:143.23,145.3 1 0
subtitle-translator/internal/asr/service.go:146.2,146.34 1 1
subtitle-translator/internal/asr/service.go:146.34,150.42 2 1
subtitle-translator/internal/asr/service.go:150.42,152.4 1 1
subtitle-translator/internal/asr/service.go:154.2,154.33 1 1
subtitle-translator/internal/asr/service.go:182.39,184.61 2 1
subtitle-translator/internal/asr/service.go:184.61,186.3 1 0
subtitle-translator/internal/asr/service.go:187.2,188.16 2 1
subtitle-translator/internal/asr/service.go:188.16,190.3 1 0
subtitle-translator/internal/asr/service.go:191.2,194.16 4 1
subtitle-translator/internal/asr/service.go:194.16,196.3 1 0
subtitle-translator/internal/asr/service.go:197.2,202.35 6 1
subtitle-translator/internal/asr/service.go:202.35,204.3 1 0
subtitle-translator/internal/asr/service.go:205.2,208.34 4 1
subtitle-translator/internal/asr/service.go:208.34,210.21 2 1
subtitle-translator/internal/asr/service.go:210.21,213.4 2 1
subtitle-translator/internal/asr/service.go:214.3,214.36 1 1
subtitle-translator/internal/asr/service.go:216.2,219.57 4 0
subtitle-translator/internal/asr/service.go:222.54,223.51 1 1
subtitle-translator/internal/asr/service.go:223.51,224.27 1 1
subtitle-translator/internal/asr/service.go:224.27,226.69 2 1
subtitle-translator/internal/asr/service.go:226.69,228.5 1 1
subtitle-translator/internal/asr/service.go:230.3,230.106 1 1
subtitle-translator/internal/asr/service.go:232.2,233.18 2 1
subtitle-translator/internal/asr/service.go:233.18,235.3 1 1
subtitle-translator/internal/asr/service.go:236.2,237.16 2 1
subtitle-translator/internal/asr/service.go:238.20,240.15 2 1
subtitle-translator/internal/asr/service.go:240.15,242.4 1 1
subtitle-translator/internal/asr/service.go:243.3,244.15 2 1
subtitle-translator/internal/asr/service.go:244.15,246.4 1 0
subtitle-translator/internal/asr/service.go:247.3,247.98 1 1
subtitle-translator/internal/asr/service.go:248.35,250.15 2 1
subtitle-translator/internal/asr/service.go:250.15,252.4 1 0
subtitle-translator/internal/asr/service.go:253.3,254.15 2 1
subtitle-translator/internal/asr/service.go:254.15,256.4 1 0
subtitle-translator/internal/asr/service.go:257.3,257.163 1 1
subtitle-translator/internal/asr/service.go:258.45,260.15 2 1
subtitle-translator/internal/asr/service.go:260.15,262.4 1 0
subtitle-translator/internal/asr/service.go:263.3,264.15 2 1
subtitle-translator/internal/asr/service.go:264.15,266.4 1 0
subtitle-translator/internal/asr/service.go:267.3,267.104 1 1
subtitle-translator/internal/asr/service.go:268.21,270.15 2 1
subtitle-translator/internal/asr/service.go:270.15,272.4 1 0
subtitle-translator/internal/asr/service.go:273.3,274.15 2 1
subtitle-translator/internal/asr/service.go:274.15,276.4 1 0
subtitle-translator/internal/asr/service.go:277.3,278.15 2 1
subtitle-translator/internal/asr/service.go:278.15,280.4 1 0
subtitle-translator/internal/asr/service.go:281.3,282.79 2 1
subtitle-translator/internal/asr/service.go:282.79,283.67 1 1
subtitle-translator/internal/asr/service.go:283.67,285.5 1 1
subtitle-translator/internal/asr/service.go:287.3,287.230 1 1
subtitle-translator/internal/asr/service.go:288.10,289.61 1 1
subtitle-translator/internal/asr/service.go:295.42,299.21 4 1
subtitle-translator/internal/asr/service.go:299.21,301.35 2 1
subtitle-translator/internal/asr/service.go:301.35,305.92 2 1
subtitle-translator/internal/asr/service.go:305.92,307.5 1 1
subtitle-translator/internal/asr/service.go:309.3,309.49 1 1
subtitle-translator/internal/asr/service.go:309.49,310.12 1 1
subtitle-translator/internal/asr/service.go:312.3,312.45 1 1
subtitle-translator/internal/asr/service.go:312.45,314.4 1 1
subtitle-translator/internal/asr/service.go:315.3,315.17 1 1
subtitle-translator/internal/asr/service.go:315.17,317.4 1 1
subtitle-translator/internal/asr/service.go:319.2,319.26 1 1
subtitle-translator/internal/asr/service.go:319.26,321.3 1 0
subtitle-translator/internal/asr/service.go:322.2,322.53 1 1
subtitle-translator/internal/asr/service.go:325.37,329.26 4 1
subtitle-translator/internal/asr/service.go:329.26,330.25 1 1
subtitle-translator/internal/asr/service.go:330.25,331.75 1 1
subtitle-translator/internal/asr/service.go:331.75,332.13 1 1
subtitle-translator/internal/asr/service.go:334.4,334.58 1 0
subtitle-translator/internal/asr/service.go:334.58,336.5 1 0
subtitle-translator/internal/asr/service.go:337.4,337.12 1 0
subtitle-translator/internal/asr/service.go:339.3,339.17 1 1
subtitle-translator/internal/asr/service.go:341.2,341.38 1 1
subtitle-translator/internal/asr/service.go:344.25,346.2 1 1
subtitle-translator/internal/asr/service.go:348.46,365.2 16 1
subtitle-translator/internal/model/download.go:26.89,27.97 1 0
subtitle-translator/internal/model/download.go:27.97,28.20 1 0
subtitle-translator/internal/model/download.go:28.20,30.4 1 0
subtitle-translator/internal/model/download.go:34.94,35.23 1 0
subtitle-translator/internal/model/download.go:35.23,37.3 1 0
subtitle-translator/internal/model/download.go:38.2,38.21 1 0
subtitle-translator/internal/model/download.go:38.21,40.3 1 0
subtitle-translator/internal/model/download.go:41.2,41.47 1 0
subtitle-translator/internal/model/download.go:41.47,43.3 1 0
subtitle-translator/internal/model/download.go:44.2,45.16 2 0
subtitle-translator/internal/model/download.go:45.16,47.3 1 0
subtitle-translator/internal/model/download.go:48.2,49.32 2 0
subtitle-translator/internal/model/download.go:49.32,51.63 2 0
subtitle-translator/internal/model/download.go:51.63,52.9 1 0
subtitle-translator/internal/model/download.go:54.3,55.10 2 0
subtitle-translator/internal/model/download.go:56.21,58.20 2 0
subtitle-translator/internal/model/download.go:59.14,59.14 0 0
subtitle-translator/internal/model/download.go:62.2,62.16 1 0
subtitle-translator/internal/model/download.go:62.16,64.3 1 0
subtitle-translator/internal/model/download.go:65.2,65.49 1 0
subtitle-translator/internal/model/download.go:65.49,67.3 1 0
subtitle-translator/internal/model/download.go:68.2,68.69 1 0
subtitle-translator/internal/model/download.go:68.69,70.3 1 0
subtitle-translator/internal/model/download.go:71.2,71.49 1 0
subtitle-translator/internal/model/download.go:71.49,74.3 2 0
subtitle-translator/internal/model/download.go:75.2,75.61 1 0
subtitle-translator/internal/model/download.go:78.122,80.65 2 1
subtitle-translator/internal/model/download.go:80.65,82.3 1 1
subtitle-translator/internal/model/download.go:83.2,84.16 2 1
subtitle-translator/internal/model/download.go:84.16,86.3 1 0
subtitle-translator/internal/model/download.go:87.2,87.15 1 1
subtitle-translator/internal/model/download.go:87.15,89.3 1 1
subtitle-translator/internal/model/download.go:90.2,91.16 2 1
subtitle-translator/internal/model/download.go:91.16,93.3 1 0
subtitle-translator/internal/model/download.go:94.2,95.80 2 1
subtitle-translator/internal/model/download.go:95.80,97.3 1 0
subtitle-translator/internal/model/download.go:98.2,98.35 1 1
subtitle-translator/internal/model/download.go:98.35,100.3 1 1
subtitle-translator/internal/model/download.go:101.2,102.16 2 1
subtitle-translator/internal/model/download.go:102.16,104.3 1 0
subtitle-translator/internal/model/download.go:105.2,106.16 2 1
subtitle-translator/internal/model/download.go:106.16,107.38 1 1
subtitle-translator/internal/model/download.go:107.38,109.4 1 0
subtitle-translator/internal/model/download.go:111.2,111.54 1 1
subtitle-translator/internal/model/download.go:111.54,113.3 1 0
subtitle-translator/internal/model/download.go:114.2,115.16 2 1
subtitle-translator/internal/model/download.go:115.16,117.3 1 0
subtitle-translator/internal/model/download.go:118.2,120.6 3 1
subtitle-translator/internal/model/download.go:120.6,122.12 2 1
subtitle-translator/internal/model/download.go:122.12,123.45 1 1
subtitle-translator/internal/model/download.go:123.45,125.5 1 0
subtitle-translator/internal/model/download.go:126.4,127.86 2 1
subtitle-translator/internal/model/download.go:127.86,130.5 2 1
subtitle-translator/internal/model/download.go:132.3,132.24 1 1
subtitle-translator/internal/model/download.go:132.24,133.9 1 1
subtitle-translator/internal/model/download.go:135.3,135.21 1 0
subtitle-translator/internal/model/download.go:135.21,137.4 1 0
subtitle-translator/internal/model/download.go:139.2,139.32 1 1
subtitle-translator/internal/model/download.go:139.32,141.3 1 1
subtitle-translator/internal/model/download.go:142.2,142.21 1 1
subtitle-translator/internal/model/download.go:142.21,144.3 1 1
subtitle-translator/internal/model/download.go:145.2,145.17 1 1
subtitle-translator/internal/model/download.go:148.50,150.16 2 0
subtitle-translator/internal/model/download.go:150.16,152.3 1 0
subtitle-translator/internal/model/download.go:153.2,154.62 2 0
subtitle-translator/internal/model/download.go:157.54,160.44 3 1
subtitle-translator/internal/model/download.go:160.44,162.3 1 0
subtitle-translator/internal/model/download.go:163.2,163.49 1 1
subtitle-translator/internal/model/download.go:163.49,165.3 1 0
subtitle-translator/internal/model/download.go:166.2,167.15 2 1
subtitle-translator/internal/model/download.go:167.15,168.10 1 1
subtitle-translator/internal/model/download.go:168.10,170.4 1 1
subtitle-translator/internal/model/download.go:172.2,173.6 2 1
subtitle-translator/internal/model/download.go:173.6,175.20 2 1
subtitle-translator/internal/model/download.go:175.20,176.9 1 1
subtitle-translator/internal/model/download.go:178.3,178.17 1 1
subtitle-translator/internal/model/download.go:178.17,180.4 1 0
subtitle-translator/internal/model/download.go:181.3,182.30 2 1
subtitle-translator/internal/model/download.go:182.30,184.4 1 0
subtitle-translator/internal/model/download.go:185.3,185.73 1 1
subtitle-translator/internal/model/download.go:185.73,186.20 1 1
subtitle-translator/internal/model/download.go:186.20,188.5 1 1
subtitle-translator/internal/model/download.go:190.3,192.21 3 1
subtitle-translator/internal/model/download.go:192.21,194.4 1 1
subtitle-translator/internal/model/download.go:194.9,195.12 1 1
subtitle-translator/internal/model/download.go:197.3,197.100 1 1
subtitle-translator/internal/model/download.go:197.100,199.4 1 0
subtitle-translator/internal/model/download.go:200.3,202.75 3 1
subtitle-translator/internal/model/download.go:202.75,204.4 1 0
subtitle-translator/internal/model/download.go:205.3,205.21 1 1
subtitle-translator/internal/model/download.go:206.20,207.32 1 0
subtitle-translator/internal/model/download.go:208.34,209.62 1 1
subtitle-translator/internal/model/download.go:209.62,212.19 3 1
subtitle-translator/internal/model/download.go:212.19,215.20 3 1
subtitle-translator/internal/model/download.go:215.20,217.7 1 1
subtitle-translator/internal/model/download.go:218.6,218.13 1 1
subtitle-translator/internal/model/download.go:221.11,222.12 1 0
subtitle-translator/internal/model/download.go:224.3,224.17 1 1
subtitle-translator/internal/model/download.go:224.17,226.4 1 0
subtitle-translator/internal/model/download.go:228.2,228.16 1 1
subtitle-translator/internal/model/download.go:228.16,230.3 1 1
subtitle-translator/internal/model/download.go:231.2,231.42 1 1
subtitle-translator/internal/model/download.go:231.42,233.3 1 1
subtitle-translator/internal/model/download.go:233.8,233.32 1 1
subtitle-translator/internal/model/download.go:233.32,235.3 1 0
subtitle-translator/internal/model/download.go:236.2,236.48 1 1
subtitle-translator/internal/model/download.go:236.48,238.3 1 0
subtitle-translator/internal/model/download.go:239.2,240.12 2 1
subtitle-translator/internal/model/model.go:41.35,42.28 1 1
subtitle-translator/internal/model/model.go:42.28,43.17 1 1
subtitle-translator/internal/model/model.go:43.17,45.4 1 1
subtitle-translator/internal/model/model.go:47.2,47.22 1 1
subtitle-translator/internal/model/model.go:50.50,53.31 3 1
subtitle-translator/internal/model/model.go:53.31,55.3 1 1
subtitle-translator/internal/model/model.go:56.2,56.39 1 1
subtitle-translator/internal/model/model.go:56.39,58.49 2 1
subtitle-translator/internal/model/model.go:58.49,60.4 1 1
subtitle-translator/internal/model/model.go:62.2,62.12 1 1
subtitle-translator/internal/model/model.go:65.41,65.84 1 1
subtitle-translator/internal/model/model.go:69.68,70.28 1 1
subtitle-translator/internal/model/model.go:70.28,72.24 2 1
subtitle-translator/internal/model/model.go:72.24,74.4 1 1
subtitle-translator/internal/model/model.go:75.3,75.112 1 1
subtitle-translator/internal/model/model.go:77.2,79.15 3 1
subtitle-translator/internal/model/model.go:79.15,81.3 1 1
subtitle-translator/internal/model/model.go:82.2,83.31 2 1
subtitle-translator/internal/model/model.go:83.31,85.3 1 1
subtitle-translator/internal/model/model.go:86.2,87.46 2 1
subtitle-translator/internal/model/model.go:87.46,89.3 1 1
subtitle-translator/internal/model/model.go:90.2,90.24 1 1
subtitle-translator/internal/model/model.go:100.93,101.19 1 1
subtitle-translator/internal/model/model.go:101.19,103.3 1 1
subtitle-translator/internal/model/model.go:104.2,104.68 1 1
subtitle-translator/internal/model/model.go:104.68,106.17 2 1
subtitle-translator/internal/model/model.go:106.17,108.4 1 0
subtitle-translator/internal/model/model.go:109.3,109.13 1 1
subtitle-translator/internal/model/model.go:109.13,111.4 1 1
subtitle-translator/internal/model/model.go:112.3,112.24 1 1
subtitle-translator/internal/model/model.go:114.2,115.61 2 1
subtitle-translator/internal/model/model.go:115.61,118.26 3 1
subtitle-translator/internal/model/model.go:118.26,120.4 1 0
subtitle-translator/internal/model/model.go:122.3,122.53 1 1
subtitle-translator/internal/model/model.go:122.53,124.50 2 1
subtitle-translator/internal/model/model.go:124.50,126.89 2 1
subtitle-translator/internal/model/model.go:126.89,128.6 1 1
subtitle-translator/internal/model/model.go:131.3,131.19 1 1
subtitle-translator/internal/model/model.go:133.2,133.14 1 1
subtitle-translator/internal/model/model.go:133.14,135.3 1 1
subtitle-translator/internal/model/model.go:136.2,137.16 2 1
subtitle-translator/internal/model/model.go:137.16,139.3 1 1
subtitle-translator/internal/model/model.go:140.2,141.80 2 1
subtitle-translator/internal/model/model.go:141.80,143.3 1 1
subtitle-translator/internal/model/model.go:144.2,144.187 1 1
subtitle-translator/internal/model/model.go:147.57,150.2 2 1
subtitle-translator/internal/model/model.go:152.56,153.48 1 1
subtitle-translator/internal/model/model.go:153.48,154.62 1 1
subtitle-translator/internal/model/model.go:154.62,156.4 1 1
subtitle-translator/internal/model/model.go:158.2,158.17 1 1
subtitle-translator/internal/model/model.go:161.41,162.16 1 1
subtitle-translator/internal/model/model.go:162.16,164.3 1 0
subtitle-translator/internal/model/model.go:165.2,166.16 2 1
subtitle-translator/internal/model/model.go:166.16,168.3 1 1
subtitle-translator/internal/model/model.go:169.2,171.40 3 1
subtitle-translator/internal/model/model.go:171.40,173.3 1 0
subtitle-translator/internal/model/model.go:174.2,175.35 2 1
subtitle-translator/internal/model/model.go:175.35,177.3 1 1
subtitle-translator/internal/model/model.go:178.2,178.12 1 1
subtitle-translator/internal/platform/priority_windows.go:11.35,18.13 7 0
subtitle-translator/internal/platform/priority_windows.go:18.13,20.3 1 0
subtitle-translator/internal/platform/priority_windows.go:21.2,21.12 1 0
